{"/home/travis/build/npmtest/node-npmtest-db-migrate/test.js":{"path":"/home/travis/build/npmtest/node-npmtest-db-migrate/test.js","s":{"1":2,"2":2,"3":2,"4":2,"5":2,"6":2,"7":2,"8":1,"9":2,"10":2,"11":1,"12":1,"13":1,"14":1,"15":2,"16":2,"17":2,"18":2,"19":1,"20":1,"21":2,"22":2,"23":2,"24":1,"25":1,"26":1,"27":1,"28":1,"29":1,"30":1,"31":1,"32":1,"33":1,"34":1,"35":1,"36":1,"37":1,"38":1,"39":2,"40":2,"41":1,"42":2,"43":2,"44":1,"45":2,"46":2,"47":1,"48":2,"49":2,"50":1,"51":1,"52":1,"53":1,"54":1},"b":{"1":[2,1,1,1],"2":[1,1,1,1],"3":[1,1],"4":[1,1],"5":[1,1],"6":[1,1],"7":[1,1],"8":[1,1],"9":[1,1],"10":[1,1,1],"11":[1,1],"12":[1,1],"13":[1,1],"14":[1,1],"15":[1,1],"16":[1,1],"17":[1,1]},"f":{"1":2,"2":2,"3":2,"4":2,"5":2,"6":1,"7":1,"8":1,"9":2,"10":2,"11":2,"12":2,"13":1},"fnMap":{"1":{"name":"(anonymous_1)","line":12,"loc":{"start":{"line":12,"column":1},"end":{"line":12,"column":13}}},"2":{"name":"(anonymous_2)","line":19,"loc":{"start":{"line":19,"column":5},"end":{"line":19,"column":17}}},"3":{"name":"(anonymous_3)","line":23,"loc":{"start":{"line":23,"column":24},"end":{"line":23,"column":36}}},"4":{"name":"(anonymous_4)","line":61,"loc":{"start":{"line":61,"column":5},"end":{"line":61,"column":17}}},"5":{"name":"(anonymous_5)","line":82,"loc":{"start":{"line":82,"column":5},"end":{"line":82,"column":17}}},"6":{"name":"(anonymous_6)","line":91,"loc":{"start":{"line":91,"column":77},"end":{"line":94,"column":10}}},"7":{"name":"(anonymous_7)","line":112,"loc":{"start":{"line":112,"column":83},"end":{"line":115,"column":10}},"skip":true},"8":{"name":"(anonymous_8)","line":123,"loc":{"start":{"line":123,"column":77},"end":{"line":126,"column":10}},"skip":true},"9":{"name":"(anonymous_9)","line":139,"loc":{"start":{"line":139,"column":12},"end":{"line":139,"column":40}},"skip":true},"10":{"name":"(anonymous_10)","line":147,"loc":{"start":{"line":147,"column":77},"end":{"line":150,"column":10}},"skip":true},"11":{"name":"(anonymous_11)","line":158,"loc":{"start":{"line":158,"column":83},"end":{"line":161,"column":10}},"skip":true},"12":{"name":"(anonymous_12)","line":169,"loc":{"start":{"line":169,"column":79},"end":{"line":172,"column":10}},"skip":true},"13":{"name":"(anonymous_13)","line":180,"loc":{"start":{"line":180,"column":75},"end":{"line":183,"column":10}},"skip":true}},"statementMap":{"1":{"start":{"line":12,"column":0},"end":{"line":195,"column":5}},"2":{"start":{"line":14,"column":4},"end":{"line":14,"column":14}},"3":{"start":{"line":19,"column":4},"end":{"line":56,"column":9}},"4":{"start":{"line":21,"column":8},"end":{"line":21,"column":19}},"5":{"start":{"line":23,"column":8},"end":{"line":35,"column":13}},"6":{"start":{"line":24,"column":12},"end":{"line":34,"column":13}},"7":{"start":{"line":25,"column":16},"end":{"line":28,"column":30}},"8":{"start":{"line":30,"column":16},"end":{"line":33,"column":27}},"9":{"start":{"line":37,"column":8},"end":{"line":39,"column":21}},"10":{"start":{"line":40,"column":8},"end":{"line":53,"column":9}},"11":{"start":{"line":43,"column":12},"end":{"line":46,"column":14}},"12":{"start":{"line":47,"column":12},"end":{"line":47,"column":18}},"13":{"start":{"line":50,"column":12},"end":{"line":51,"column":46}},"14":{"start":{"line":52,"column":12},"end":{"line":52,"column":18}},"15":{"start":{"line":55,"column":8},"end":{"line":55,"column":35}},"16":{"start":{"line":61,"column":4},"end":{"line":63,"column":9}},"17":{"start":{"line":62,"column":8},"end":{"line":62,"column":15}},"18":{"start":{"line":64,"column":4},"end":{"line":77,"column":5}},"19":{"start":{"line":70,"column":8},"end":{"line":70,"column":14}},"20":{"start":{"line":76,"column":8},"end":{"line":76,"column":14}},"21":{"start":{"line":82,"column":4},"end":{"line":84,"column":9}},"22":{"start":{"line":83,"column":8},"end":{"line":83,"column":15}},"23":{"start":{"line":85,"column":4},"end":{"line":194,"column":5}},"24":{"start":{"line":91,"column":8},"end":{"line":99,"column":10}},"25":{"start":{"line":98,"column":12},"end":{"line":98,"column":35}},"26":{"start":{"line":102,"column":8},"end":{"line":104,"column":63}},"27":{"start":{"line":105,"column":8},"end":{"line":105,"column":14}},"28":{"start":{"line":112,"column":8},"end":{"line":121,"column":10},"skip":true},"29":{"start":{"line":119,"column":12},"end":{"line":119,"column":55},"skip":true},"30":{"start":{"line":120,"column":12},"end":{"line":120,"column":48},"skip":true},"31":{"start":{"line":123,"column":8},"end":{"line":136,"column":10},"skip":true},"32":{"start":{"line":130,"column":12},"end":{"line":130,"column":76},"skip":true},"33":{"start":{"line":131,"column":12},"end":{"line":131,"column":73},"skip":true},"34":{"start":{"line":132,"column":12},"end":{"line":132,"column":74},"skip":true},"35":{"start":{"line":133,"column":12},"end":{"line":133,"column":79},"skip":true},"36":{"start":{"line":134,"column":12},"end":{"line":134,"column":25},"skip":true},"37":{"start":{"line":135,"column":12},"end":{"line":135,"column":45},"skip":true},"38":{"start":{"line":138,"column":8},"end":{"line":145,"column":14},"skip":true},"39":{"start":{"line":143,"column":16},"end":{"line":143,"column":29},"skip":true},"40":{"start":{"line":144,"column":16},"end":{"line":144,"column":55},"skip":true},"41":{"start":{"line":147,"column":8},"end":{"line":156,"column":10},"skip":true},"42":{"start":{"line":154,"column":12},"end":{"line":154,"column":25},"skip":true},"43":{"start":{"line":155,"column":12},"end":{"line":155,"column":45},"skip":true},"44":{"start":{"line":158,"column":8},"end":{"line":167,"column":10},"skip":true},"45":{"start":{"line":165,"column":12},"end":{"line":165,"column":25},"skip":true},"46":{"start":{"line":166,"column":12},"end":{"line":166,"column":48},"skip":true},"47":{"start":{"line":169,"column":8},"end":{"line":178,"column":10},"skip":true},"48":{"start":{"line":176,"column":12},"end":{"line":176,"column":25},"skip":true},"49":{"start":{"line":177,"column":12},"end":{"line":177,"column":46},"skip":true},"50":{"start":{"line":180,"column":8},"end":{"line":189,"column":10},"skip":true},"51":{"start":{"line":187,"column":12},"end":{"line":187,"column":94},"skip":true},"52":{"start":{"line":188,"column":12},"end":{"line":188,"column":48},"skip":true},"53":{"start":{"line":192,"column":8},"end":{"line":192,"column":35},"skip":true},"54":{"start":{"line":193,"column":8},"end":{"line":193,"column":14},"skip":true}},"branchMap":{"1":{"line":25,"type":"binary-expr","locations":[{"start":{"line":25,"column":23},"end":{"line":25,"column":62}},{"start":{"line":26,"column":20},"end":{"line":26,"column":70}},{"start":{"line":27,"column":20},"end":{"line":27,"column":71}},{"start":{"line":28,"column":20},"end":{"line":28,"column":29}}]},"2":{"line":30,"type":"binary-expr","locations":[{"start":{"line":30,"column":23},"end":{"line":30,"column":37}},{"start":{"line":31,"column":20},"end":{"line":31,"column":61}},{"start":{"line":32,"column":20},"end":{"line":32,"column":70}},{"start":{"line":33,"column":20},"end":{"line":33,"column":26}}]},"3":{"line":37,"type":"cond-expr","locations":[{"start":{"line":38,"column":14},"end":{"line":38,"column":20}},{"start":{"line":39,"column":14},"end":{"line":39,"column":20}}]},"4":{"line":40,"type":"switch","locations":[{"start":{"line":42,"column":8},"end":{"line":47,"column":18}},{"start":{"line":49,"column":8},"end":{"line":52,"column":18}}]},"5":{"line":44,"type":"binary-expr","locations":[{"start":{"line":44,"column":16},"end":{"line":44,"column":44}},{"start":{"line":44,"column":48},"end":{"line":44,"column":66}}]},"6":{"line":50,"type":"binary-expr","locations":[{"start":{"line":50,"column":21},"end":{"line":50,"column":49}},{"start":{"line":50,"column":53},"end":{"line":50,"column":72}}]},"7":{"line":64,"type":"switch","locations":[{"start":{"line":69,"column":4},"end":{"line":70,"column":14}},{"start":{"line":75,"column":4},"end":{"line":76,"column":14}}]},"8":{"line":85,"type":"switch","locations":[{"start":{"line":90,"column":4},"end":{"line":105,"column":14}},{"start":{"line":111,"column":4},"end":{"line":193,"column":14},"skip":true}]},"9":{"line":91,"type":"binary-expr","locations":[{"start":{"line":91,"column":42},"end":{"line":91,"column":73}},{"start":{"line":91,"column":77},"end":{"line":99,"column":9}}]},"10":{"line":102,"type":"binary-expr","locations":[{"start":{"line":102,"column":18},"end":{"line":102,"column":32}},{"start":{"line":103,"column":12},"end":{"line":103,"column":53}},{"start":{"line":104,"column":12},"end":{"line":104,"column":61}}]},"11":{"line":112,"type":"binary-expr","locations":[{"start":{"line":112,"column":45},"end":{"line":112,"column":79},"skip":true},{"start":{"line":112,"column":83},"end":{"line":121,"column":9},"skip":true}]},"12":{"line":123,"type":"binary-expr","locations":[{"start":{"line":123,"column":42},"end":{"line":123,"column":73},"skip":true},{"start":{"line":123,"column":77},"end":{"line":136,"column":9},"skip":true}]},"13":{"line":138,"type":"binary-expr","locations":[{"start":{"line":138,"column":48},"end":{"line":138,"column":85},"skip":true},{"start":{"line":139,"column":12},"end":{"line":145,"column":13},"skip":true}]},"14":{"line":147,"type":"binary-expr","locations":[{"start":{"line":147,"column":42},"end":{"line":147,"column":73},"skip":true},{"start":{"line":147,"column":77},"end":{"line":156,"column":9},"skip":true}]},"15":{"line":158,"type":"binary-expr","locations":[{"start":{"line":158,"column":45},"end":{"line":158,"column":79},"skip":true},{"start":{"line":158,"column":83},"end":{"line":167,"column":9},"skip":true}]},"16":{"line":169,"type":"binary-expr","locations":[{"start":{"line":169,"column":43},"end":{"line":169,"column":75},"skip":true},{"start":{"line":169,"column":79},"end":{"line":178,"column":9},"skip":true}]},"17":{"line":180,"type":"binary-expr","locations":[{"start":{"line":180,"column":41},"end":{"line":180,"column":71},"skip":true},{"start":{"line":180,"column":75},"end":{"line":189,"column":9},"skip":true}]}},"code":["/* istanbul instrument in package npmtest_db_migrate */","/*jslint","    bitwise: true,","    browser: true,","    maxerr: 8,","    maxlen: 96,","    node: true,","    nomen: true,","    regexp: true,","    stupid: true","*/","(function () {","    'use strict';","    var local;","","","","    // run shared js-env code - pre-init","    (function () {","        // init local","        local = {};","        // init modeJs","        local.modeJs = (function () {","            try {","                return typeof navigator.userAgent === 'string' &&","                    typeof document.querySelector('body') === 'object' &&","                    typeof XMLHttpRequest.prototype.open === 'function' &&","                    'browser';","            } catch (errorCaughtBrowser) {","                return module.exports &&","                    typeof process.versions.node === 'string' &&","                    typeof require('http').createServer === 'function' &&","                    'node';","            }","        }());","        // init global","        local.global = local.modeJs === 'browser'","            ? window","            : global;","        switch (local.modeJs) {","        // re-init local from window.local","        case 'browser':","            local = local.global.utility2.objectSetDefault(","                local.global.utility2_rollup || local.global.local,","                local.global.utility2","            );","            break;","        // re-init local from example.js","        case 'node':","            local = (local.global.utility2_rollup || require('utility2'))","                .requireExampleJsFromReadme();","            break;","        }","        // export local","        local.global.local = local;","    }());","","","","    // run shared js-env code - function","    (function () {","        return;","    }());","    switch (local.modeJs) {","","","","    // run browser js-env code - function","    case 'browser':","        break;","","","","    // run node js-env code - function","    case 'node':","        break;","    }","","","","    // run shared js-env code - post-init","    (function () {","        return;","    }());","    switch (local.modeJs) {","","","","    // run browser js-env code - post-init","    case 'browser':","        local.testCase_browser_nullCase = local.testCase_browser_nullCase || function (","            options,","            onError","        ) {","        /*","         * this function will test browsers's null-case handling-behavior-behavior","         */","            onError(null, options);","        };","","        // run tests","        local.nop(local.modeTest &&","            document.querySelector('#testRunButton1') &&","            document.querySelector('#testRunButton1').click());","        break;","","","","    // run node js-env code - post-init","    /* istanbul ignore next */","    case 'node':","        local.testCase_buildApidoc_default = local.testCase_buildApidoc_default || function (","            options,","            onError","        ) {","        /*","         * this function will test buildApidoc's default handling-behavior-behavior","         */","            options = { modulePathList: module.paths };","            local.buildApidoc(options, onError);","        };","","        local.testCase_buildApp_default = local.testCase_buildApp_default || function (","            options,","            onError","        ) {","        /*","         * this function will test buildApp's default handling-behavior-behavior","         */","            local.testCase_buildReadme_default(options, local.onErrorThrow);","            local.testCase_buildLib_default(options, local.onErrorThrow);","            local.testCase_buildTest_default(options, local.onErrorThrow);","            local.testCase_buildCustomOrg_default(options, local.onErrorThrow);","            options = [];","            local.buildApp(options, onError);","        };","","        local.testCase_buildCustomOrg_default = local.testCase_buildCustomOrg_default ||","            function (options, onError) {","            /*","             * this function will test buildCustomOrg's default handling-behavior","             */","                options = {};","                local.buildCustomOrg(options, onError);","            };","","        local.testCase_buildLib_default = local.testCase_buildLib_default || function (","            options,","            onError","        ) {","        /*","         * this function will test buildLib's default handling-behavior","         */","            options = {};","            local.buildLib(options, onError);","        };","","        local.testCase_buildReadme_default = local.testCase_buildReadme_default || function (","            options,","            onError","        ) {","        /*","         * this function will test buildReadme's default handling-behavior-behavior","         */","            options = {};","            local.buildReadme(options, onError);","        };","","        local.testCase_buildTest_default = local.testCase_buildTest_default || function (","            options,","            onError","        ) {","        /*","         * this function will test buildTest's default handling-behavior","         */","            options = {};","            local.buildTest(options, onError);","        };","","        local.testCase_webpage_default = local.testCase_webpage_default || function (","            options,","            onError","        ) {","        /*","         * this function will test webpage's default handling-behavior","         */","            options = { modeCoverageMerge: true, url: local.serverLocalHost + '?modeTest=1' };","            local.browserTest(options, onError);","        };","","        // run test-server","        local.testRunServer(local);","        break;","    }","}());",""],"l":{"12":2,"14":2,"19":2,"21":2,"23":2,"24":2,"25":2,"30":1,"37":2,"40":2,"43":1,"47":1,"50":1,"52":1,"55":2,"61":2,"62":2,"64":2,"70":1,"76":1,"82":2,"83":2,"85":2,"91":1,"98":1,"102":1,"105":1,"112":1,"119":1,"120":1,"123":1,"130":1,"131":1,"132":1,"133":1,"134":1,"135":1,"138":1,"143":2,"144":2,"147":1,"154":2,"155":2,"158":1,"165":2,"166":2,"169":1,"176":2,"177":2,"180":1,"187":1,"188":1,"192":1,"193":1}},"/home/travis/build/npmtest/node-npmtest-db-migrate/lib.npmtest_db_migrate.js":{"path":"/home/travis/build/npmtest/node-npmtest-db-migrate/lib.npmtest_db_migrate.js","s":{"1":2,"2":2,"3":2,"4":2,"5":2,"6":2,"7":2,"8":1,"9":2,"10":2,"11":2,"12":2,"13":1,"14":1,"15":1,"16":1},"b":{"1":[2,1,1,1],"2":[1,1,1,1],"3":[1,1],"4":[2,2],"5":[1,1]},"f":{"1":2,"2":2,"3":2},"fnMap":{"1":{"name":"(anonymous_1)","line":12,"loc":{"start":{"line":12,"column":1},"end":{"line":12,"column":13}}},"2":{"name":"(anonymous_2)","line":19,"loc":{"start":{"line":19,"column":5},"end":{"line":19,"column":17}}},"3":{"name":"(anonymous_3)","line":23,"loc":{"start":{"line":23,"column":24},"end":{"line":23,"column":36}}}},"statementMap":{"1":{"start":{"line":12,"column":0},"end":{"line":53,"column":5}},"2":{"start":{"line":14,"column":4},"end":{"line":14,"column":14}},"3":{"start":{"line":19,"column":4},"end":{"line":52,"column":9}},"4":{"start":{"line":21,"column":8},"end":{"line":21,"column":19}},"5":{"start":{"line":23,"column":8},"end":{"line":35,"column":13}},"6":{"start":{"line":24,"column":12},"end":{"line":34,"column":13}},"7":{"start":{"line":25,"column":16},"end":{"line":28,"column":30}},"8":{"start":{"line":30,"column":16},"end":{"line":33,"column":27}},"9":{"start":{"line":37,"column":8},"end":{"line":39,"column":21}},"10":{"start":{"line":41,"column":8},"end":{"line":41,"column":54}},"11":{"start":{"line":43,"column":8},"end":{"line":43,"column":55}},"12":{"start":{"line":45,"column":8},"end":{"line":51,"column":9}},"13":{"start":{"line":46,"column":12},"end":{"line":46,"column":61}},"14":{"start":{"line":48,"column":12},"end":{"line":48,"column":35}},"15":{"start":{"line":49,"column":12},"end":{"line":49,"column":49}},"16":{"start":{"line":50,"column":12},"end":{"line":50,"column":43}}},"branchMap":{"1":{"line":25,"type":"binary-expr","locations":[{"start":{"line":25,"column":23},"end":{"line":25,"column":62}},{"start":{"line":26,"column":20},"end":{"line":26,"column":70}},{"start":{"line":27,"column":20},"end":{"line":27,"column":71}},{"start":{"line":28,"column":20},"end":{"line":28,"column":29}}]},"2":{"line":30,"type":"binary-expr","locations":[{"start":{"line":30,"column":23},"end":{"line":30,"column":37}},{"start":{"line":31,"column":20},"end":{"line":31,"column":61}},{"start":{"line":32,"column":20},"end":{"line":32,"column":70}},{"start":{"line":33,"column":20},"end":{"line":33,"column":26}}]},"3":{"line":37,"type":"cond-expr","locations":[{"start":{"line":38,"column":14},"end":{"line":38,"column":20}},{"start":{"line":39,"column":14},"end":{"line":39,"column":20}}]},"4":{"line":41,"type":"binary-expr","locations":[{"start":{"line":41,"column":16},"end":{"line":41,"column":44}},{"start":{"line":41,"column":48},"end":{"line":41,"column":53}}]},"5":{"line":45,"type":"if","locations":[{"start":{"line":45,"column":8},"end":{"line":45,"column":8}},{"start":{"line":45,"column":8},"end":{"line":45,"column":8}}]}},"code":["/* istanbul instrument in package npmtest_db_migrate */","/*jslint","    bitwise: true,","    browser: true,","    maxerr: 8,","    maxlen: 96,","    node: true,","    nomen: true,","    regexp: true,","    stupid: true","*/","(function () {","    'use strict';","    var local;","","","","    // run shared js-env code - pre-init","    (function () {","        // init local","        local = {};","        // init modeJs","        local.modeJs = (function () {","            try {","                return typeof navigator.userAgent === 'string' &&","                    typeof document.querySelector('body') === 'object' &&","                    typeof XMLHttpRequest.prototype.open === 'function' &&","                    'browser';","            } catch (errorCaughtBrowser) {","                return module.exports &&","                    typeof process.versions.node === 'string' &&","                    typeof require('http').createServer === 'function' &&","                    'node';","            }","        }());","        // init global","        local.global = local.modeJs === 'browser'","            ? window","            : global;","        // init utility2_rollup","        local = local.global.utility2_rollup || local;","        // init lib","        local.local = local.npmtest_db_migrate = local;","        // init exports","        if (local.modeJs === 'browser') {","            local.global.utility2_npmtest_db_migrate = local;","        } else {","            module.exports = local;","            module.exports.__dirname = __dirname;","            module.exports.module = module;","        }","    }());","}());",""],"l":{"12":2,"14":2,"19":2,"21":2,"23":2,"24":2,"25":2,"30":1,"37":2,"41":2,"43":2,"45":2,"46":1,"48":1,"49":1,"50":1}},"/home/travis/build/npmtest/node-npmtest-db-migrate/example.js":{"path":"/home/travis/build/npmtest/node-npmtest-db-migrate/example.js","s":{"1":2,"2":2,"3":2,"4":2,"5":2,"6":2,"7":2,"8":1,"9":2,"10":2,"11":2,"12":2,"13":1,"14":2,"15":2,"16":2,"17":2,"18":2,"19":0,"20":2,"21":1,"22":1,"23":1,"24":1,"25":1,"26":0,"27":0,"28":1,"29":1,"30":2,"31":0,"32":0,"33":0,"34":1,"35":2,"36":2,"37":3,"38":3,"39":3,"40":3,"41":0,"42":3,"43":3,"44":3,"45":1,"46":3,"47":1,"48":1,"49":1,"50":1,"51":1,"52":1,"53":1,"54":1,"55":1,"56":1,"57":0,"58":1,"59":6,"60":6,"61":1,"62":2,"63":0,"64":2,"65":1,"66":1,"67":0,"68":0,"69":0,"70":0,"71":0,"72":0,"73":0,"74":0,"75":0,"76":0,"77":0,"78":0,"79":0,"80":0,"81":0,"82":0,"83":0},"b":{"1":[2,1,1,1],"2":[1,1,1,1],"3":[1,1],"4":[2,2],"5":[1,1],"6":[1,1],"7":[2,0],"8":[2,1,1,1,1,1],"9":[0,2,0],"10":[1,1],"11":[2,1,1],"12":[1,0],"13":[0,2],"14":[2,0,0,0,0,0,0],"15":[0,3],"16":[3,0],"17":[1,1],"18":[0,1],"19":[1,2,0,2],"20":[1,0],"21":[1,1],"22":[0,0],"23":[0,0],"24":[0,0],"25":[0,0],"26":[0,0],"27":[0,0],"28":[0,0]},"f":{"1":2,"2":2,"3":2,"4":2,"5":2,"6":2,"7":3,"8":3,"9":3,"10":1,"11":6,"12":0},"fnMap":{"1":{"name":"(anonymous_1)","line":26,"loc":{"start":{"line":26,"column":1},"end":{"line":26,"column":13}}},"2":{"name":"(anonymous_2)","line":33,"loc":{"start":{"line":33,"column":5},"end":{"line":33,"column":17}}},"3":{"name":"(anonymous_3)","line":37,"loc":{"start":{"line":37,"column":24},"end":{"line":37,"column":36}}},"4":{"name":"(anonymous_4)","line":69,"loc":{"start":{"line":69,"column":31},"end":{"line":69,"column":48}},"skip":true},"5":{"name":"(anonymous_5)","line":78,"loc":{"start":{"line":78,"column":26},"end":{"line":78,"column":45}},"skip":true},"6":{"name":"(anonymous_6)","line":123,"loc":{"start":{"line":123,"column":33},"end":{"line":123,"column":48}},"skip":true},"7":{"name":"(anonymous_7)","line":125,"loc":{"start":{"line":125,"column":27},"end":{"line":125,"column":39}},"skip":true},"8":{"name":"(anonymous_8)","line":133,"loc":{"start":{"line":133,"column":59},"end":{"line":133,"column":74}},"skip":true},"9":{"name":"(anonymous_9)","line":143,"loc":{"start":{"line":143,"column":45},"end":{"line":143,"column":62}},"skip":true},"10":{"name":"(anonymous_10)","line":144,"loc":{"start":{"line":144,"column":73},"end":{"line":144,"column":92}},"skip":true},"11":{"name":"(anonymous_11)","line":272,"loc":{"start":{"line":272,"column":51},"end":{"line":272,"column":77}},"skip":true},"12":{"name":"(anonymous_12)","line":315,"loc":{"start":{"line":315,"column":32},"end":{"line":315,"column":61}},"skip":true}},"statementMap":{"1":{"start":{"line":26,"column":0},"end":{"line":326,"column":5}},"2":{"start":{"line":28,"column":4},"end":{"line":28,"column":14}},"3":{"start":{"line":33,"column":4},"end":{"line":60,"column":9}},"4":{"start":{"line":35,"column":8},"end":{"line":35,"column":19}},"5":{"start":{"line":37,"column":8},"end":{"line":49,"column":13}},"6":{"start":{"line":38,"column":12},"end":{"line":48,"column":13}},"7":{"start":{"line":39,"column":16},"end":{"line":42,"column":30}},"8":{"start":{"line":44,"column":16},"end":{"line":47,"column":27}},"9":{"start":{"line":51,"column":8},"end":{"line":53,"column":21}},"10":{"start":{"line":55,"column":8},"end":{"line":57,"column":45}},"11":{"start":{"line":59,"column":8},"end":{"line":59,"column":35}},"12":{"start":{"line":61,"column":4},"end":{"line":325,"column":5}},"13":{"start":{"line":69,"column":8},"end":{"line":121,"column":10},"skip":true},"14":{"start":{"line":70,"column":12},"end":{"line":88,"column":13},"skip":true},"15":{"start":{"line":76,"column":16},"end":{"line":87,"column":19},"skip":true},"16":{"start":{"line":79,"column":20},"end":{"line":86,"column":21},"skip":true},"17":{"start":{"line":82,"column":24},"end":{"line":82,"column":43},"skip":true},"18":{"start":{"line":83,"column":24},"end":{"line":83,"column":30},"skip":true},"19":{"start":{"line":85,"column":24},"end":{"line":85,"column":49},"skip":true},"20":{"start":{"line":89,"column":12},"end":{"line":107,"column":13},"skip":true},"21":{"start":{"line":92,"column":16},"end":{"line":102,"column":17},"skip":true},"22":{"start":{"line":93,"column":20},"end":{"line":93,"column":86},"skip":true},"23":{"start":{"line":94,"column":20},"end":{"line":95,"column":45},"skip":true},"24":{"start":{"line":96,"column":20},"end":{"line":96,"column":42},"skip":true},"25":{"start":{"line":97,"column":20},"end":{"line":97,"column":48},"skip":true},"26":{"start":{"line":100,"column":20},"end":{"line":100,"column":85},"skip":true},"27":{"start":{"line":101,"column":20},"end":{"line":101,"column":96},"skip":true},"28":{"start":{"line":103,"column":16},"end":{"line":103,"column":22},"skip":true},"29":{"start":{"line":106,"column":16},"end":{"line":106,"column":22},"skip":true},"30":{"start":{"line":108,"column":12},"end":{"line":120,"column":13},"skip":true},"31":{"start":{"line":114,"column":16},"end":{"line":119,"column":17},"skip":true},"32":{"start":{"line":116,"column":20},"end":{"line":116,"column":78},"skip":true},"33":{"start":{"line":118,"column":20},"end":{"line":118,"column":47},"skip":true},"34":{"start":{"line":123,"column":8},"end":{"line":141,"column":11},"skip":true},"35":{"start":{"line":124,"column":12},"end":{"line":124,"column":54},"skip":true},"36":{"start":{"line":125,"column":12},"end":{"line":140,"column":14},"skip":true},"37":{"start":{"line":126,"column":16},"end":{"line":126,"column":28},"skip":true},"38":{"start":{"line":127,"column":16},"end":{"line":127,"column":69},"skip":true},"39":{"start":{"line":128,"column":16},"end":{"line":128,"column":75},"skip":true},"40":{"start":{"line":129,"column":16},"end":{"line":131,"column":17},"skip":true},"41":{"start":{"line":130,"column":20},"end":{"line":130,"column":27},"skip":true},"42":{"start":{"line":133,"column":16},"end":{"line":137,"column":36},"skip":true},"43":{"start":{"line":134,"column":20},"end":{"line":136,"column":55},"skip":true},"44":{"start":{"line":139,"column":16},"end":{"line":139,"column":57},"skip":true},"45":{"start":{"line":143,"column":8},"end":{"line":147,"column":11},"skip":true},"46":{"start":{"line":144,"column":12},"end":{"line":146,"column":15},"skip":true},"47":{"start":{"line":145,"column":16},"end":{"line":145,"column":70},"skip":true},"48":{"start":{"line":149,"column":8},"end":{"line":149,"column":31},"skip":true},"49":{"start":{"line":150,"column":8},"end":{"line":150,"column":14},"skip":true},"50":{"start":{"line":158,"column":8},"end":{"line":158,"column":31},"skip":true},"51":{"start":{"line":160,"column":8},"end":{"line":160,"column":33},"skip":true},"52":{"start":{"line":161,"column":8},"end":{"line":161,"column":37},"skip":true},"53":{"start":{"line":162,"column":8},"end":{"line":162,"column":35},"skip":true},"54":{"start":{"line":164,"column":8},"end":{"line":164,"column":50},"skip":true},"55":{"start":{"line":166,"column":8},"end":{"line":256,"column":2},"skip":true},"56":{"start":{"line":258,"column":8},"end":{"line":286,"column":9},"skip":true},"57":{"start":{"line":259,"column":12},"end":{"line":269,"column":14},"skip":true},"58":{"start":{"line":271,"column":12},"end":{"line":285,"column":19},"skip":true},"59":{"start":{"line":274,"column":20},"end":{"line":274,"column":35},"skip":true},"60":{"start":{"line":275,"column":20},"end":{"line":284,"column":21},"skip":true},"61":{"start":{"line":277,"column":24},"end":{"line":277,"column":64},"skip":true},"62":{"start":{"line":279,"column":24},"end":{"line":279,"column":40},"skip":true},"63":{"start":{"line":281,"column":24},"end":{"line":281,"column":40},"skip":true},"64":{"start":{"line":283,"column":24},"end":{"line":283,"column":39},"skip":true},"65":{"start":{"line":288,"column":8},"end":{"line":290,"column":9},"skip":true},"66":{"start":{"line":289,"column":12},"end":{"line":289,"column":18},"skip":true},"67":{"start":{"line":291,"column":8},"end":{"line":293,"column":54},"skip":true},"68":{"start":{"line":296,"column":8},"end":{"line":301,"column":37},"skip":true},"69":{"start":{"line":303,"column":8},"end":{"line":303,"column":82},"skip":true},"70":{"start":{"line":306,"column":8},"end":{"line":308,"column":9},"skip":true},"71":{"start":{"line":307,"column":12},"end":{"line":307,"column":82},"skip":true},"72":{"start":{"line":310,"column":8},"end":{"line":312,"column":9},"skip":true},"73":{"start":{"line":311,"column":12},"end":{"line":311,"column":18},"skip":true},"74":{"start":{"line":313,"column":8},"end":{"line":313,"column":54},"skip":true},"75":{"start":{"line":314,"column":8},"end":{"line":314,"column":69},"skip":true},"76":{"start":{"line":315,"column":8},"end":{"line":323,"column":36},"skip":true},"77":{"start":{"line":316,"column":12},"end":{"line":316,"column":61},"skip":true},"78":{"start":{"line":317,"column":12},"end":{"line":320,"column":13},"skip":true},"79":{"start":{"line":318,"column":16},"end":{"line":318,"column":75},"skip":true},"80":{"start":{"line":319,"column":16},"end":{"line":319,"column":23},"skip":true},"81":{"start":{"line":321,"column":12},"end":{"line":321,"column":38},"skip":true},"82":{"start":{"line":322,"column":12},"end":{"line":322,"column":27},"skip":true},"83":{"start":{"line":324,"column":8},"end":{"line":324,"column":14},"skip":true}},"branchMap":{"1":{"line":39,"type":"binary-expr","locations":[{"start":{"line":39,"column":23},"end":{"line":39,"column":62}},{"start":{"line":40,"column":20},"end":{"line":40,"column":70}},{"start":{"line":41,"column":20},"end":{"line":41,"column":71}},{"start":{"line":42,"column":20},"end":{"line":42,"column":29}}]},"2":{"line":44,"type":"binary-expr","locations":[{"start":{"line":44,"column":23},"end":{"line":44,"column":37}},{"start":{"line":45,"column":20},"end":{"line":45,"column":61}},{"start":{"line":46,"column":20},"end":{"line":46,"column":70}},{"start":{"line":47,"column":20},"end":{"line":47,"column":26}}]},"3":{"line":51,"type":"cond-expr","locations":[{"start":{"line":52,"column":14},"end":{"line":52,"column":20}},{"start":{"line":53,"column":14},"end":{"line":53,"column":20}}]},"4":{"line":55,"type":"binary-expr","locations":[{"start":{"line":55,"column":16},"end":{"line":55,"column":44}},{"start":{"line":55,"column":49},"end":{"line":57,"column":43}}]},"5":{"line":55,"type":"cond-expr","locations":[{"start":{"line":56,"column":14},"end":{"line":56,"column":54}},{"start":{"line":57,"column":14},"end":{"line":57,"column":43}}]},"6":{"line":61,"type":"switch","locations":[{"start":{"line":68,"column":4},"end":{"line":150,"column":14},"skip":true},{"start":{"line":156,"column":4},"end":{"line":324,"column":14},"skip":true}]},"7":{"line":70,"type":"if","locations":[{"start":{"line":70,"column":12},"end":{"line":70,"column":12},"skip":true},{"start":{"line":70,"column":12},"end":{"line":70,"column":12},"skip":true}]},"8":{"line":70,"type":"binary-expr","locations":[{"start":{"line":70,"column":16},"end":{"line":70,"column":22},"skip":true},{"start":{"line":70,"column":27},"end":{"line":70,"column":32},"skip":true},{"start":{"line":71,"column":20},"end":{"line":71,"column":39},"skip":true},{"start":{"line":72,"column":20},"end":{"line":72,"column":49},"skip":true},{"start":{"line":73,"column":20},"end":{"line":73,"column":58},"skip":true},{"start":{"line":74,"column":20},"end":{"line":74,"column":69},"skip":true}]},"9":{"line":79,"type":"switch","locations":[{"start":{"line":80,"column":20},"end":{"line":80,"column":33},"skip":true},{"start":{"line":81,"column":20},"end":{"line":83,"column":30},"skip":true},{"start":{"line":84,"column":20},"end":{"line":85,"column":49},"skip":true}]},"10":{"line":89,"type":"switch","locations":[{"start":{"line":90,"column":12},"end":{"line":103,"column":22},"skip":true},{"start":{"line":105,"column":12},"end":{"line":106,"column":22},"skip":true}]},"11":{"line":89,"type":"binary-expr","locations":[{"start":{"line":89,"column":20},"end":{"line":89,"column":25},"skip":true},{"start":{"line":89,"column":29},"end":{"line":89,"column":48},"skip":true},{"start":{"line":89,"column":52},"end":{"line":89,"column":74},"skip":true}]},"12":{"line":92,"type":"if","locations":[{"start":{"line":92,"column":16},"end":{"line":92,"column":16},"skip":true},{"start":{"line":92,"column":16},"end":{"line":92,"column":16},"skip":true}]},"13":{"line":108,"type":"if","locations":[{"start":{"line":108,"column":12},"end":{"line":108,"column":12},"skip":true},{"start":{"line":108,"column":12},"end":{"line":108,"column":12},"skip":true}]},"14":{"line":108,"type":"binary-expr","locations":[{"start":{"line":108,"column":16},"end":{"line":108,"column":61},"skip":true},{"start":{"line":108,"column":66},"end":{"line":108,"column":72},"skip":true},{"start":{"line":108,"column":77},"end":{"line":108,"column":82},"skip":true},{"start":{"line":109,"column":20},"end":{"line":109,"column":39},"skip":true},{"start":{"line":110,"column":20},"end":{"line":110,"column":49},"skip":true},{"start":{"line":111,"column":20},"end":{"line":111,"column":58},"skip":true},{"start":{"line":112,"column":20},"end":{"line":112,"column":68},"skip":true}]},"15":{"line":129,"type":"if","locations":[{"start":{"line":129,"column":16},"end":{"line":129,"column":16},"skip":true},{"start":{"line":129,"column":16},"end":{"line":129,"column":16},"skip":true}]},"16":{"line":134,"type":"cond-expr","locations":[{"start":{"line":135,"column":26},"end":{"line":135,"column":29},"skip":true},{"start":{"line":136,"column":26},"end":{"line":136,"column":54},"skip":true}]},"17":{"line":164,"type":"binary-expr","locations":[{"start":{"line":164,"column":27},"end":{"line":164,"column":43},"skip":true},{"start":{"line":164,"column":47},"end":{"line":164,"column":49},"skip":true}]},"18":{"line":258,"type":"if","locations":[{"start":{"line":258,"column":8},"end":{"line":258,"column":8},"skip":true},{"start":{"line":258,"column":8},"end":{"line":258,"column":8},"skip":true}]},"19":{"line":275,"type":"switch","locations":[{"start":{"line":276,"column":20},"end":{"line":277,"column":64},"skip":true},{"start":{"line":278,"column":20},"end":{"line":279,"column":40},"skip":true},{"start":{"line":280,"column":20},"end":{"line":281,"column":40},"skip":true},{"start":{"line":282,"column":20},"end":{"line":283,"column":39},"skip":true}]},"20":{"line":288,"type":"if","locations":[{"start":{"line":288,"column":8},"end":{"line":288,"column":8},"skip":true},{"start":{"line":288,"column":8},"end":{"line":288,"column":8},"skip":true}]},"21":{"line":288,"type":"binary-expr","locations":[{"start":{"line":288,"column":12},"end":{"line":288,"column":40},"skip":true},{"start":{"line":288,"column":44},"end":{"line":288,"column":67},"skip":true}]},"22":{"line":292,"type":"binary-expr","locations":[{"start":{"line":292,"column":12},"end":{"line":292,"column":50},"skip":true},{"start":{"line":293,"column":12},"end":{"line":293,"column":53},"skip":true}]},"23":{"line":297,"type":"binary-expr","locations":[{"start":{"line":297,"column":12},"end":{"line":297,"column":68},"skip":true},{"start":{"line":298,"column":12},"end":{"line":301,"column":36},"skip":true}]},"24":{"line":303,"type":"binary-expr","locations":[{"start":{"line":303,"column":43},"end":{"line":303,"column":75},"skip":true},{"start":{"line":303,"column":79},"end":{"line":303,"column":81},"skip":true}]},"25":{"line":306,"type":"if","locations":[{"start":{"line":306,"column":8},"end":{"line":306,"column":8},"skip":true},{"start":{"line":306,"column":8},"end":{"line":306,"column":8},"skip":true}]},"26":{"line":310,"type":"if","locations":[{"start":{"line":310,"column":8},"end":{"line":310,"column":8},"skip":true},{"start":{"line":310,"column":8},"end":{"line":310,"column":8},"skip":true}]},"27":{"line":313,"type":"binary-expr","locations":[{"start":{"line":313,"column":27},"end":{"line":313,"column":43},"skip":true},{"start":{"line":313,"column":47},"end":{"line":313,"column":53},"skip":true}]},"28":{"line":317,"type":"if","locations":[{"start":{"line":317,"column":12},"end":{"line":317,"column":12},"skip":true},{"start":{"line":317,"column":12},"end":{"line":317,"column":12},"skip":true}]}},"code":["/*","example.js","","quickstart example","","instruction","    1. save this script as example.js","    2. run the shell command:","        $ npm install npmtest-db-migrate && PORT=8081 node example.js","    3. play with the browser-demo on http://127.0.0.1:8081","*/","","","","/* istanbul instrument in package npmtest_db_migrate */","/*jslint","    bitwise: true,","    browser: true,","    maxerr: 8,","    maxlen: 96,","    node: true,","    nomen: true,","    regexp: true,","    stupid: true","*/","(function () {","    'use strict';","    var local;","","","","    // run shared js-env code - pre-init","    (function () {","        // init local","        local = {};","        // init modeJs","        local.modeJs = (function () {","            try {","                return typeof navigator.userAgent === 'string' &&","                    typeof document.querySelector('body') === 'object' &&","                    typeof XMLHttpRequest.prototype.open === 'function' &&","                    'browser';","            } catch (errorCaughtBrowser) {","                return module.exports &&","                    typeof process.versions.node === 'string' &&","                    typeof require('http').createServer === 'function' &&","                    'node';","            }","        }());","        // init global","        local.global = local.modeJs === 'browser'","            ? window","            : global;","        // init utility2_rollup","        local = local.global.utility2_rollup || (local.modeJs === 'browser'","            ? local.global.utility2_npmtest_db_migrate","            : global.utility2_moduleExports);","        // export local","        local.global.local = local;","    }());","    switch (local.modeJs) {","","","","    // post-init","    // run browser js-env code - post-init","    /* istanbul ignore next */","    case 'browser':","        local.testRunBrowser = function (event) {","            if (!event || (event &&","                    event.currentTarget &&","                    event.currentTarget.className &&","                    event.currentTarget.className.includes &&","                    event.currentTarget.className.includes('onreset'))) {","                // reset output","                Array.from(","                    document.querySelectorAll('body > .resettable')","                ).forEach(function (element) {","                    switch (element.tagName) {","                    case 'INPUT':","                    case 'TEXTAREA':","                        element.value = '';","                        break;","                    default:","                        element.textContent = '';","                    }","                });","            }","            switch (event && event.currentTarget && event.currentTarget.id) {","            case 'testRunButton1':","                // show tests","                if (document.querySelector('#testReportDiv1').style.display === 'none') {","                    document.querySelector('#testReportDiv1').style.display = 'block';","                    document.querySelector('#testRunButton1').textContent =","                        'hide internal test';","                    local.modeTest = true;","                    local.testRunDefault(local);","                // hide tests","                } else {","                    document.querySelector('#testReportDiv1').style.display = 'none';","                    document.querySelector('#testRunButton1').textContent = 'run internal test';","                }","                break;","            // custom-case","            default:","                break;","            }","            if (document.querySelector('#inputTextareaEval1') && (!event || (event &&","                    event.currentTarget &&","                    event.currentTarget.className &&","                    event.currentTarget.className.includes &&","                    event.currentTarget.className.includes('oneval')))) {","                // try to eval input-code","                try {","                    /*jslint evil: true*/","                    eval(document.querySelector('#inputTextareaEval1').value);","                } catch (errorCaught) {","                    console.error(errorCaught);","                }","            }","        };","        // log stderr and stdout to #outputTextareaStdout1","        ['error', 'log'].forEach(function (key) {","            console[key + '_original'] = console[key];","            console[key] = function () {","                var element;","                console[key + '_original'].apply(console, arguments);","                element = document.querySelector('#outputTextareaStdout1');","                if (!element) {","                    return;","                }","                // append text to #outputTextareaStdout1","                element.value += Array.from(arguments).map(function (arg) {","                    return typeof arg === 'string'","                        ? arg","                        : JSON.stringify(arg, null, 4);","                }).join(' ') + '\\n';","                // scroll textarea to bottom","                element.scrollTop = element.scrollHeight;","            };","        });","        // init event-handling","        ['change', 'click', 'keyup'].forEach(function (event) {","            Array.from(document.querySelectorAll('.on' + event)).forEach(function (element) {","                element.addEventListener(event, local.testRunBrowser);","            });","        });","        // run tests","        local.testRunBrowser();","        break;","","","","    // run node js-env code - post-init","    /* istanbul ignore next */","    case 'node':","        // export local","        module.exports = local;","        // require modules","        local.fs = require('fs');","        local.http = require('http');","        local.url = require('url');","        // init assets","        local.assetsDict = local.assetsDict || {};","        /* jslint-ignore-begin */","        local.assetsDict['/assets.index.template.html'] = '\\","<!doctype html>\\n\\","<html lang=\"en\">\\n\\","<head>\\n\\","<meta charset=\"UTF-8\">\\n\\","<meta name=\"viewport\" content=\"width=device-width, initial-scale=1\">\\n\\","<title>{{env.npm_package_name}} (v{{env.npm_package_version}})</title>\\n\\","<style>\\n\\","/*csslint\\n\\","    box-sizing: false,\\n\\","    universal-selector: false\\n\\","*/\\n\\","* {\\n\\","    box-sizing: border-box;\\n\\","}\\n\\","body {\\n\\","    background: #dde;\\n\\","    font-family: Arial, Helvetica, sans-serif;\\n\\","    margin: 2rem;\\n\\","}\\n\\","body > * {\\n\\","    margin-bottom: 1rem;\\n\\","}\\n\\",".utility2FooterDiv {\\n\\","    margin-top: 20px;\\n\\","    text-align: center;\\n\\","}\\n\\","</style>\\n\\","<style>\\n\\","/*csslint\\n\\","*/\\n\\","textarea {\\n\\","    font-family: monospace;\\n\\","    height: 10rem;\\n\\","    width: 100%;\\n\\","}\\n\\","textarea[readonly] {\\n\\","    background: #ddd;\\n\\","}\\n\\","</style>\\n\\","</head>\\n\\","<body>\\n\\","<!-- utility2-comment\\n\\","<div id=\"ajaxProgressDiv1\" style=\"background: #d00; height: 2px; left: 0; margin: 0; padding: 0; position: fixed; top: 0; transition: background 0.5s, width 1.5s; width: 25%;\"></div>\\n\\","utility2-comment -->\\n\\","<h1>\\n\\","<!-- utility2-comment\\n\\","    <a\\n\\","        {{#if env.npm_package_homepage}}\\n\\","        href=\"{{env.npm_package_homepage}}\"\\n\\","        {{/if env.npm_package_homepage}}\\n\\","        target=\"_blank\"\\n\\","    >\\n\\","utility2-comment -->\\n\\","        {{env.npm_package_name}} (v{{env.npm_package_version}})\\n\\","<!-- utility2-comment\\n\\","    </a>\\n\\","utility2-comment -->\\n\\","</h1>\\n\\","<h3>{{env.npm_package_description}}</h3>\\n\\","<!-- utility2-comment\\n\\","<h4><a download href=\"assets.app.js\">download standalone app</a></h4>\\n\\","<button class=\"onclick onreset\" id=\"testRunButton1\">run internal test</button><br>\\n\\","<div id=\"testReportDiv1\" style=\"display: none;\"></div>\\n\\","utility2-comment -->\\n\\","\\n\\","\\n\\","\\n\\","<label>stderr and stdout</label>\\n\\","<textarea class=\"resettable\" id=\"outputTextareaStdout1\" readonly></textarea>\\n\\","<!-- utility2-comment\\n\\","{{#if isRollup}}\\n\\","<script src=\"assets.app.js\"></script>\\n\\","{{#unless isRollup}}\\n\\","utility2-comment -->\\n\\","<script src=\"assets.utility2.rollup.js\"></script>\\n\\","<script src=\"jsonp.utility2._stateInit?callback=window.utility2._stateInit\"></script>\\n\\","<script src=\"assets.npmtest_db_migrate.rollup.js\"></script>\\n\\","<script src=\"assets.example.js\"></script>\\n\\","<script src=\"assets.test.js\"></script>\\n\\","<!-- utility2-comment\\n\\","{{/if isRollup}}\\n\\","utility2-comment -->\\n\\","<div class=\"utility2FooterDiv\">\\n\\","    [ this app was created with\\n\\","    <a href=\"https://github.com/kaizhu256/node-utility2\" target=\"_blank\">utility2</a>\\n\\","    ]\\n\\","</div>\\n\\","</body>\\n\\","</html>\\n\\","';","        /* jslint-ignore-end */","        if (local.templateRender) {","            local.assetsDict['/'] = local.templateRender(","                local.assetsDict['/assets.index.template.html'],","                {","                    env: local.objectSetDefault(local.env, {","                        npm_package_description: 'the greatest app in the world!',","                        npm_package_name: 'my-app',","                        npm_package_nameAlias: 'my_app',","                        npm_package_version: '0.0.1'","                    })","                }","            );","        } else {","            local.assetsDict['/'] = local.assetsDict['/assets.index.template.html']","                .replace((/\\{\\{env\\.(\\w+?)\\}\\}/g), function (match0, match1) {","                    // jslint-hack","                    String(match0);","                    switch (match1) {","                    case 'npm_package_description':","                        return 'the greatest app in the world!';","                    case 'npm_package_name':","                        return 'my-app';","                    case 'npm_package_nameAlias':","                        return 'my_app';","                    case 'npm_package_version':","                        return '0.0.1';","                    }","                });","        }","        // run the cli","        if (local.global.utility2_rollup || module !== require.main) {","            break;","        }","        local.assetsDict['/assets.example.js'] =","            local.assetsDict['/assets.example.js'] ||","            local.fs.readFileSync(__filename, 'utf8');","        // bug-workaround - long $npm_package_buildCustomOrg","        /* jslint-ignore-begin */","        local.assetsDict['/assets.npmtest_db_migrate.rollup.js'] =","            local.assetsDict['/assets.npmtest_db_migrate.rollup.js'] ||","            local.fs.readFileSync(","                local.npmtest_db_migrate.__dirname + '/lib.npmtest_db_migrate.js',","                'utf8'","            ).replace((/^#!/), '//');","        /* jslint-ignore-end */","        local.assetsDict['/favicon.ico'] = local.assetsDict['/favicon.ico'] || '';","        // if $npm_config_timeout_exit exists,","        // then exit this process after $npm_config_timeout_exit ms","        if (Number(process.env.npm_config_timeout_exit)) {","            setTimeout(process.exit, Number(process.env.npm_config_timeout_exit));","        }","        // start server","        if (local.global.utility2_serverHttp1) {","            break;","        }","        process.env.PORT = process.env.PORT || '8081';","        console.error('server starting on port ' + process.env.PORT);","        local.http.createServer(function (request, response) {","            request.urlParsed = local.url.parse(request.url);","            if (local.assetsDict[request.urlParsed.pathname] !== undefined) {","                response.end(local.assetsDict[request.urlParsed.pathname]);","                return;","            }","            response.statusCode = 404;","            response.end();","        }).listen(process.env.PORT);","        break;","    }","}());",""],"l":{"26":2,"28":2,"33":2,"35":2,"37":2,"38":2,"39":2,"44":1,"51":2,"55":2,"59":2,"61":2,"69":1,"70":2,"76":2,"79":2,"82":2,"83":2,"85":1,"89":2,"92":1,"93":1,"94":1,"96":1,"97":1,"100":1,"101":1,"103":1,"106":1,"108":2,"114":1,"116":1,"118":1,"123":1,"124":2,"125":2,"126":3,"127":3,"128":3,"129":3,"130":1,"133":3,"134":3,"139":3,"143":1,"144":3,"145":1,"149":1,"150":1,"158":1,"160":1,"161":1,"162":1,"164":1,"166":1,"258":1,"259":1,"271":1,"274":6,"275":6,"277":1,"279":2,"281":1,"283":2,"288":1,"289":1,"291":1,"296":1,"303":1,"306":1,"307":1,"310":1,"311":1,"313":1,"314":1,"315":1,"316":1,"317":1,"318":1,"319":1,"321":1,"322":1,"324":1}},"/home/travis/build/npmtest/node-npmtest-db-migrate/node_modules/db-migrate/index.js":{"path":"/home/travis/build/npmtest/node-npmtest-db-migrate/node_modules/db-migrate/index.js","s":{"1":1,"2":1,"3":1,"4":1,"5":1,"6":1,"7":1,"8":1,"9":1,"10":0,"11":0,"12":0,"13":0,"14":0,"15":0,"16":0,"17":0,"18":0,"19":0,"20":0,"21":0,"22":0,"23":0,"24":0,"25":0,"26":0,"27":0,"28":0,"29":0,"30":0,"31":0,"32":0,"33":0,"34":0,"35":0,"36":0,"37":1,"38":0,"39":1,"40":0,"41":0,"42":0,"43":0,"44":0,"45":0,"46":0,"47":0,"48":0,"49":0,"50":0,"51":0,"52":0,"53":0,"54":0,"55":0,"56":0,"57":1,"58":0,"59":0,"60":0,"61":0,"62":0},"b":{"1":[0,0],"2":[0,0],"3":[0,0],"4":[0,0],"5":[0,0],"6":[0,0],"7":[0,0],"8":[0,0],"9":[0,0],"10":[0,0],"11":[0,0],"12":[0,0],"13":[0,0],"14":[0,0],"15":[0,0],"16":[0,0]},"f":{"1":0,"2":0,"3":0,"4":0,"5":0,"6":0,"7":0,"8":0,"9":0,"10":0,"11":0},"fnMap":{"1":{"name":"(anonymous_1)","line":11,"loc":{"start":{"line":11,"column":18},"end":{"line":11,"column":45}}},"2":{"name":"(anonymous_2)","line":12,"loc":{"start":{"line":12,"column":25},"end":{"line":12,"column":43}}},"3":{"name":"(anonymous_3)","line":32,"loc":{"start":{"line":32,"column":37},"end":{"line":33,"column":10}}},"4":{"name":"(anonymous_4)","line":47,"loc":{"start":{"line":47,"column":12},"end":{"line":47,"column":28}}},"5":{"name":"(anonymous_5)","line":50,"loc":{"start":{"line":50,"column":31},"end":{"line":50,"column":47}}},"6":{"name":"(anonymous_6)","line":56,"loc":{"start":{"line":56,"column":21},"end":{"line":56,"column":34}}},"7":{"name":"(anonymous_7)","line":68,"loc":{"start":{"line":68,"column":17},"end":{"line":68,"column":44}}},"8":{"name":"migrationFiles","line":73,"loc":{"start":{"line":73,"column":0},"end":{"line":73,"column":64}}},"9":{"name":"(anonymous_9)","line":95,"loc":{"start":{"line":95,"column":60},"end":{"line":96,"column":2}}},"10":{"name":"(anonymous_10)","line":113,"loc":{"start":{"line":113,"column":26},"end":{"line":113,"column":56}}},"11":{"name":"(anonymous_11)","line":114,"loc":{"start":{"line":114,"column":18},"end":{"line":114,"column":32}}}},"statementMap":{"1":{"start":{"line":1,"column":0},"end":{"line":1,"column":53}},"2":{"start":{"line":2,"column":0},"end":{"line":2,"column":23}},"3":{"start":{"line":3,"column":0},"end":{"line":3,"column":37}},"4":{"start":{"line":4,"column":0},"end":{"line":4,"column":27}},"5":{"start":{"line":5,"column":0},"end":{"line":5,"column":31}},"6":{"start":{"line":6,"column":0},"end":{"line":6,"column":41}},"7":{"start":{"line":8,"column":0},"end":{"line":8,"column":46}},"8":{"start":{"line":9,"column":0},"end":{"line":9,"column":41}},"9":{"start":{"line":11,"column":0},"end":{"line":66,"column":2}},"10":{"start":{"line":12,"column":2},"end":{"line":65,"column":5}},"11":{"start":{"line":13,"column":4},"end":{"line":13,"column":39}},"12":{"start":{"line":13,"column":15},"end":{"line":13,"column":29}},"13":{"start":{"line":13,"column":30},"end":{"line":13,"column":37}},"14":{"start":{"line":15,"column":4},"end":{"line":63,"column":65}},"15":{"start":{"line":17,"column":6},"end":{"line":17,"column":75}},"16":{"start":{"line":19,"column":6},"end":{"line":60,"column":7}},"17":{"start":{"line":21,"column":8},"end":{"line":22,"column":20}},"18":{"start":{"line":24,"column":8},"end":{"line":28,"column":21}},"19":{"start":{"line":25,"column":10},"end":{"line":25,"column":123}},"20":{"start":{"line":26,"column":10},"end":{"line":26,"column":110}},"21":{"start":{"line":27,"column":10},"end":{"line":27,"column":26}},"22":{"start":{"line":30,"column":8},"end":{"line":42,"column":9}},"23":{"start":{"line":32,"column":10},"end":{"line":36,"column":13}},"24":{"start":{"line":34,"column":12},"end":{"line":34,"column":51}},"25":{"start":{"line":35,"column":12},"end":{"line":35,"column":71}},"26":{"start":{"line":40,"column":10},"end":{"line":40,"column":49}},"27":{"start":{"line":41,"column":10},"end":{"line":41,"column":69}},"28":{"start":{"line":46,"column":6},"end":{"line":59,"column":11}},"29":{"start":{"line":48,"column":10},"end":{"line":48,"column":34}},"30":{"start":{"line":50,"column":10},"end":{"line":52,"column":13}},"31":{"start":{"line":51,"column":12},"end":{"line":51,"column":76}},"32":{"start":{"line":54,"column":10},"end":{"line":54,"column":25}},"33":{"start":{"line":56,"column":10},"end":{"line":56,"column":97}},"34":{"start":{"line":56,"column":36},"end":{"line":56,"column":94}},"35":{"start":{"line":58,"column":10},"end":{"line":58,"column":21}},"36":{"start":{"line":63,"column":6},"end":{"line":63,"column":65}},"37":{"start":{"line":68,"column":0},"end":{"line":71,"column":2}},"38":{"start":{"line":70,"column":2},"end":{"line":70,"column":35}},"39":{"start":{"line":73,"column":0},"end":{"line":111,"column":1}},"40":{"start":{"line":74,"column":2},"end":{"line":76,"column":14}},"41":{"start":{"line":78,"column":2},"end":{"line":81,"column":3}},"42":{"start":{"line":80,"column":4},"end":{"line":80,"column":21}},"43":{"start":{"line":83,"column":2},"end":{"line":83,"column":21}},"44":{"start":{"line":85,"column":2},"end":{"line":93,"column":3}},"45":{"start":{"line":88,"column":4},"end":{"line":92,"column":17}},"46":{"start":{"line":89,"column":6},"end":{"line":89,"column":61}},"47":{"start":{"line":90,"column":6},"end":{"line":90,"column":90}},"48":{"start":{"line":91,"column":6},"end":{"line":91,"column":22}},"49":{"start":{"line":95,"column":2},"end":{"line":110,"column":5}},"50":{"start":{"line":97,"column":4},"end":{"line":98,"column":63}},"51":{"start":{"line":100,"column":4},"end":{"line":101,"column":27}},"52":{"start":{"line":101,"column":6},"end":{"line":101,"column":27}},"53":{"start":{"line":104,"column":4},"end":{"line":104,"column":38}},"54":{"start":{"line":105,"column":4},"end":{"line":105,"column":63}},"55":{"start":{"line":107,"column":4},"end":{"line":108,"column":11}},"56":{"start":{"line":108,"column":6},"end":{"line":108,"column":11}},"57":{"start":{"line":113,"column":0},"end":{"line":118,"column":2}},"58":{"start":{"line":114,"column":2},"end":{"line":117,"column":5}},"59":{"start":{"line":115,"column":2},"end":{"line":115,"column":37}},"60":{"start":{"line":115,"column":13},"end":{"line":115,"column":27}},"61":{"start":{"line":115,"column":28},"end":{"line":115,"column":35}},"62":{"start":{"line":116,"column":2},"end":{"line":116,"column":28}}},"branchMap":{"1":{"line":13,"type":"if","locations":[{"start":{"line":13,"column":4},"end":{"line":13,"column":4}},{"start":{"line":13,"column":4},"end":{"line":13,"column":4}}]},"2":{"line":15,"type":"if","locations":[{"start":{"line":15,"column":4},"end":{"line":15,"column":4}},{"start":{"line":15,"column":4},"end":{"line":15,"column":4}}]},"3":{"line":17,"type":"binary-expr","locations":[{"start":{"line":17,"column":33},"end":{"line":17,"column":57}},{"start":{"line":17,"column":61},"end":{"line":17,"column":73}}]},"4":{"line":19,"type":"if","locations":[{"start":{"line":19,"column":6},"end":{"line":19,"column":6}},{"start":{"line":19,"column":6},"end":{"line":19,"column":6}}]},"5":{"line":25,"type":"binary-expr","locations":[{"start":{"line":25,"column":41},"end":{"line":25,"column":65}},{"start":{"line":25,"column":69},"end":{"line":25,"column":81}}]},"6":{"line":30,"type":"if","locations":[{"start":{"line":30,"column":8},"end":{"line":30,"column":8}},{"start":{"line":30,"column":8},"end":{"line":30,"column":8}}]},"7":{"line":46,"type":"binary-expr","locations":[{"start":{"line":46,"column":32},"end":{"line":46,"column":56}},{"start":{"line":46,"column":60},"end":{"line":46,"column":72}}]},"8":{"line":51,"type":"binary-expr","locations":[{"start":{"line":51,"column":19},"end":{"line":51,"column":40}},{"start":{"line":51,"column":44},"end":{"line":51,"column":75}}]},"9":{"line":78,"type":"if","locations":[{"start":{"line":78,"column":2},"end":{"line":78,"column":2}},{"start":{"line":78,"column":2},"end":{"line":78,"column":2}}]},"10":{"line":85,"type":"if","locations":[{"start":{"line":85,"column":2},"end":{"line":85,"column":2}},{"start":{"line":85,"column":2},"end":{"line":85,"column":2}}]},"11":{"line":95,"type":"cond-expr","locations":[{"start":{"line":95,"column":33},"end":{"line":95,"column":40}},{"start":{"line":95,"column":43},"end":{"line":95,"column":58}}]},"12":{"line":97,"type":"binary-expr","locations":[{"start":{"line":97,"column":47},"end":{"line":97,"column":71}},{"start":{"line":97,"column":75},"end":{"line":97,"column":87}}]},"13":{"line":98,"type":"binary-expr","locations":[{"start":{"line":98,"column":9},"end":{"line":98,"column":33}},{"start":{"line":98,"column":37},"end":{"line":98,"column":49}}]},"14":{"line":100,"type":"if","locations":[{"start":{"line":100,"column":4},"end":{"line":100,"column":4}},{"start":{"line":100,"column":4},"end":{"line":100,"column":4}}]},"15":{"line":107,"type":"if","locations":[{"start":{"line":107,"column":4},"end":{"line":107,"column":4}},{"start":{"line":107,"column":4},"end":{"line":107,"column":4}}]},"16":{"line":115,"type":"if","locations":[{"start":{"line":115,"column":2},"end":{"line":115,"column":2}},{"start":{"line":115,"column":2},"end":{"line":115,"column":2}}]}},"code":["var recursive = require('final-fs').readdirRecursive;","var fs = require('fs');","var driver = require('./lib/driver');","var path = require('path');","var log = require('./lib/log');","var Migrator = require('./lib/migrator');","","exports.dataType = require('./lib/data_type');","exports.config = require('./lib/config');","","exports.connect = function(config, callback) {","  driver.connect(config, function(err, db) {","    if (err) { callback(err); return; }","","    if(global.migrationMode)","    {","      var dirPath = path.resolve(config['migrations-dir'] || 'migrations');","","      if(global.migrationMode !== 'all')","      {","        var switched = false,","            newConf;","","        try {","          newConf = require(path.resolve(config['migrations-dir'] || 'migrations', global.migrationMode) + '/config.json');","          log.info('loaded extra config for migration subfolder: \"' + global.migrationMode + '/config.json\"');","          switched = true;","        } catch(e) {}","","        if(switched) {","","          db.switchDatabase(newConf, function()","          {","            global.locTitle = global.migrationMode;","            callback(null, new Migrator(db, config['migrations-dir']));","          });","        }","        else","        {","          global.locTitle = global.migrationMode;","          callback(null, new Migrator(db, config['migrations-dir']));","        }","      }","      else","      {","      recursive(dirPath, false, config['migrations-dir'] || 'migrations')","      .then(function(files) {","          var oldClose = db.close;","","          files = files.filter(function (file) {","            return file !== 'migrations' && fs.statSync(file).isDirectory();","          });","","          files.push('');","","          db.close = function(cb) { migrationFiles(files, callback, config, db, oldClose, cb); };","","          db.close();","        });","      }","    }","    else","      callback(null, new Migrator(db, config['migrations-dir']));","","  });","};","","exports.driver = function(config, callback) {","","  driver.connect(config, callback);","};","","function migrationFiles(files, callback, config, db, close, cb) {","  var file,","      switched = false,","      newConf;","","  if(files.length === 1)","  {","    db.close = close;","  }","","  file = files.pop();","","  if(file !== '')","  {","","    try {","      newConf = require(path.resolve(file + '/config.json'));","      log.info('loaded extra config for migration subfolder: \"' + file + '/config.json\"');","      switched = true;","    } catch(e) {}","  }","","  db.switchDatabase((switched) ? newConf : config.database, function()","  {","    global.matching = file.substr(file.indexOf(config['migrations-dir'] || 'migrations') +","        (config['migrations-dir'] || 'migrations').length + 1);","","    if(global.matching.length === 0)","      global.matching = '';","","","    global.locTitle = global.matching;","    callback(null, new Migrator(db, config['migrations-dir']));","","    if(typeof(cb) === 'function')","      cb();","","  });","}","","exports.createMigration = function(migration, callback) {","  migration.write(function(err) {","  if (err) { callback(err); return; }","  callback(null, migration);","  });","};",""],"l":{"1":1,"2":1,"3":1,"4":1,"5":1,"6":1,"8":1,"9":1,"11":1,"12":0,"13":0,"15":0,"17":0,"19":0,"21":0,"24":0,"25":0,"26":0,"27":0,"30":0,"32":0,"34":0,"35":0,"40":0,"41":0,"46":0,"48":0,"50":0,"51":0,"54":0,"56":0,"58":0,"63":0,"68":1,"70":0,"73":1,"74":0,"78":0,"80":0,"83":0,"85":0,"88":0,"89":0,"90":0,"91":0,"95":0,"97":0,"100":0,"101":0,"104":0,"105":0,"107":0,"108":0,"113":1,"114":0,"115":0,"116":0}},"/home/travis/build/npmtest/node-npmtest-db-migrate/node_modules/db-migrate/lib/driver/index.js":{"path":"/home/travis/build/npmtest/node-npmtest-db-migrate/node_modules/db-migrate/lib/driver/index.js","s":{"1":1,"2":1,"3":0,"4":0,"5":0,"6":0,"7":0,"8":0,"9":0,"10":0,"11":0,"12":0,"13":0,"14":0},"b":{"1":[0,0],"2":[0,0]},"f":{"1":0,"2":0},"fnMap":{"1":{"name":"(anonymous_1)","line":3,"loc":{"start":{"line":3,"column":18},"end":{"line":3,"column":45}}},"2":{"name":"(anonymous_2)","line":12,"loc":{"start":{"line":12,"column":25},"end":{"line":12,"column":43}}}},"statementMap":{"1":{"start":{"line":1,"column":0},"end":{"line":1,"column":28}},"2":{"start":{"line":3,"column":0},"end":{"line":17,"column":2}},"3":{"start":{"line":4,"column":2},"end":{"line":6,"column":3}},"4":{"start":{"line":5,"column":4},"end":{"line":5,"column":87}},"5":{"start":{"line":8,"column":2},"end":{"line":8,"column":33}},"6":{"start":{"line":9,"column":2},"end":{"line":9,"column":31}},"7":{"start":{"line":10,"column":2},"end":{"line":10,"column":28}},"8":{"start":{"line":11,"column":2},"end":{"line":11,"column":28}},"9":{"start":{"line":12,"column":2},"end":{"line":16,"column":5}},"10":{"start":{"line":13,"column":4},"end":{"line":13,"column":39}},"11":{"start":{"line":13,"column":15},"end":{"line":13,"column":29}},"12":{"start":{"line":13,"column":30},"end":{"line":13,"column":37}},"13":{"start":{"line":14,"column":4},"end":{"line":14,"column":29}},"14":{"start":{"line":15,"column":4},"end":{"line":15,"column":23}}},"branchMap":{"1":{"line":4,"type":"if","locations":[{"start":{"line":4,"column":2},"end":{"line":4,"column":2}},{"start":{"line":4,"column":2},"end":{"line":4,"column":2}}]},"2":{"line":13,"type":"if","locations":[{"start":{"line":13,"column":4},"end":{"line":13,"column":4}},{"start":{"line":13,"column":4},"end":{"line":13,"column":4}}]}},"code":["var log = require('../log');","","exports.connect = function(config, callback) {","  if (config.driver === undefined) {","    throw new Error('config must include a driver key specifying which driver to use');","  }","","  var req = './' + config.driver;","  log.verbose('require:', req);","  var driver = require(req);","  log.verbose('connecting');","  driver.connect(config, function(err, db) {","    if (err) { callback(err); return; }","    log.verbose('connected');","    callback(null, db);","  });","};",""],"l":{"1":1,"3":1,"4":0,"5":0,"8":0,"9":0,"10":0,"11":0,"12":0,"13":0,"14":0,"15":0}},"/home/travis/build/npmtest/node-npmtest-db-migrate/node_modules/db-migrate/lib/log.js":{"path":"/home/travis/build/npmtest/node-npmtest-db-migrate/node_modules/db-migrate/lib/log.js","s":{"1":1,"2":1,"3":0,"4":1,"5":0,"6":0,"7":0,"8":1,"9":0,"10":0,"11":0,"12":1,"13":0,"14":0,"15":0,"16":1,"17":0,"18":0,"19":0,"20":0,"21":0,"22":0,"23":0,"24":0,"25":0,"26":0,"27":0,"28":1,"29":0,"30":0,"31":0},"b":{"1":[0,0],"2":[0,0],"3":[0,0],"4":[0,0],"5":[0,0],"6":[0,0],"7":[0,0],"8":[0,0,0],"9":[0,0],"10":[0,0],"11":[0,0],"12":[0,0],"13":[0,0]},"f":{"1":0,"2":0,"3":0,"4":0,"5":0,"6":0},"fnMap":{"1":{"name":"(anonymous_1)","line":3,"loc":{"start":{"line":3,"column":18},"end":{"line":3,"column":38}}},"2":{"name":"(anonymous_2)","line":6,"loc":{"start":{"line":6,"column":15},"end":{"line":6,"column":27}}},"3":{"name":"(anonymous_3)","line":12,"loc":{"start":{"line":12,"column":15},"end":{"line":12,"column":27}}},"4":{"name":"(anonymous_4)","line":18,"loc":{"start":{"line":18,"column":16},"end":{"line":18,"column":28}}},"5":{"name":"(anonymous_5)","line":24,"loc":{"start":{"line":24,"column":14},"end":{"line":24,"column":28}}},"6":{"name":"(anonymous_6)","line":44,"loc":{"start":{"line":44,"column":18},"end":{"line":44,"column":29}}}},"statementMap":{"1":{"start":{"line":1,"column":0},"end":{"line":1,"column":21}},"2":{"start":{"line":3,"column":0},"end":{"line":5,"column":2}},"3":{"start":{"line":4,"column":2},"end":{"line":4,"column":34}},"4":{"start":{"line":6,"column":0},"end":{"line":11,"column":2}},"5":{"start":{"line":7,"column":2},"end":{"line":10,"column":3}},"6":{"start":{"line":8,"column":4},"end":{"line":8,"column":54}},"7":{"start":{"line":9,"column":4},"end":{"line":9,"column":43}},"8":{"start":{"line":12,"column":0},"end":{"line":17,"column":2}},"9":{"start":{"line":13,"column":2},"end":{"line":16,"column":3}},"10":{"start":{"line":14,"column":4},"end":{"line":14,"column":65}},"11":{"start":{"line":15,"column":4},"end":{"line":15,"column":43}},"12":{"start":{"line":18,"column":0},"end":{"line":23,"column":2}},"13":{"start":{"line":19,"column":2},"end":{"line":22,"column":3}},"14":{"start":{"line":20,"column":4},"end":{"line":20,"column":66}},"15":{"start":{"line":21,"column":4},"end":{"line":21,"column":44}},"16":{"start":{"line":24,"column":0},"end":{"line":43,"column":2}},"17":{"start":{"line":25,"column":2},"end":{"line":42,"column":3}},"18":{"start":{"line":26,"column":4},"end":{"line":26,"column":62}},"19":{"start":{"line":27,"column":4},"end":{"line":27,"column":42}},"20":{"start":{"line":28,"column":4},"end":{"line":34,"column":5}},"21":{"start":{"line":29,"column":6},"end":{"line":33,"column":7}},"22":{"start":{"line":30,"column":8},"end":{"line":30,"column":40}},"23":{"start":{"line":32,"column":8},"end":{"line":32,"column":34}},"24":{"start":{"line":35,"column":4},"end":{"line":41,"column":5}},"25":{"start":{"line":36,"column":6},"end":{"line":40,"column":7}},"26":{"start":{"line":37,"column":8},"end":{"line":37,"column":31}},"27":{"start":{"line":39,"column":8},"end":{"line":39,"column":25}},"28":{"start":{"line":44,"column":0},"end":{"line":49,"column":2}},"29":{"start":{"line":45,"column":2},"end":{"line":48,"column":3}},"30":{"start":{"line":46,"column":4},"end":{"line":46,"column":54}},"31":{"start":{"line":47,"column":4},"end":{"line":47,"column":42}}},"branchMap":{"1":{"line":7,"type":"if","locations":[{"start":{"line":7,"column":2},"end":{"line":7,"column":2}},{"start":{"line":7,"column":2},"end":{"line":7,"column":2}}]},"2":{"line":7,"type":"binary-expr","locations":[{"start":{"line":7,"column":6},"end":{"line":7,"column":20}},{"start":{"line":7,"column":24},"end":{"line":7,"column":38}}]},"3":{"line":13,"type":"if","locations":[{"start":{"line":13,"column":2},"end":{"line":13,"column":2}},{"start":{"line":13,"column":2},"end":{"line":13,"column":2}}]},"4":{"line":13,"type":"binary-expr","locations":[{"start":{"line":13,"column":6},"end":{"line":13,"column":20}},{"start":{"line":13,"column":24},"end":{"line":13,"column":38}}]},"5":{"line":19,"type":"if","locations":[{"start":{"line":19,"column":2},"end":{"line":19,"column":2}},{"start":{"line":19,"column":2},"end":{"line":19,"column":2}}]},"6":{"line":19,"type":"binary-expr","locations":[{"start":{"line":19,"column":6},"end":{"line":19,"column":20}},{"start":{"line":19,"column":24},"end":{"line":19,"column":38}}]},"7":{"line":25,"type":"if","locations":[{"start":{"line":25,"column":2},"end":{"line":25,"column":2}},{"start":{"line":25,"column":2},"end":{"line":25,"column":2}}]},"8":{"line":25,"type":"binary-expr","locations":[{"start":{"line":25,"column":6},"end":{"line":25,"column":20}},{"start":{"line":25,"column":25},"end":{"line":25,"column":38}},{"start":{"line":25,"column":42},"end":{"line":25,"column":56}}]},"9":{"line":28,"type":"if","locations":[{"start":{"line":28,"column":4},"end":{"line":28,"column":4}},{"start":{"line":28,"column":4},"end":{"line":28,"column":4}}]},"10":{"line":29,"type":"if","locations":[{"start":{"line":29,"column":6},"end":{"line":29,"column":6}},{"start":{"line":29,"column":6},"end":{"line":29,"column":6}}]},"11":{"line":35,"type":"if","locations":[{"start":{"line":35,"column":4},"end":{"line":35,"column":4}},{"start":{"line":35,"column":4},"end":{"line":35,"column":4}}]},"12":{"line":36,"type":"if","locations":[{"start":{"line":36,"column":6},"end":{"line":36,"column":6}},{"start":{"line":36,"column":6},"end":{"line":36,"column":6}}]},"13":{"line":45,"type":"if","locations":[{"start":{"line":45,"column":2},"end":{"line":45,"column":2}},{"start":{"line":45,"column":2},"end":{"line":45,"column":2}}]}},"code":["this.isSilent = false","","exports.silence = function (isSilent) {","  return this.isSilent = isSilent;","};","exports.info = function () {","  if (!this.isSilent || global.verbose) {","    Array.prototype.unshift.call(arguments, '[INFO]');","    console.info.apply(console, arguments);","  }","};","exports.warn = function () {","  if (!this.isSilent || global.verbose) {","    var args = Array.prototype.unshift.call(arguments, '[WARN]');","    console.warn.apply(console, arguments);","  }","};","exports.error = function () {","  if (!this.isSilent || global.verbose) {","    var args = Array.prototype.unshift.call(arguments, '[ERROR]');","    console.error.apply(console, arguments);","  }","};","exports.sql = function(sql) {","  if (!this.isSilent && (global.dryRun || global.verbose)) {","    var args = Array.prototype.slice.call(arguments).slice(1);","    args = args.slice(0, args.length - 1);","    if(global.verbose) {","      if(args.length > 0) {","        console.log('[SQL]', sql, args);","      } else {","        console.log('[SQL]', sql);","      }","    }","    if (global.dryRun) {","      if(args.length > 0) {","        console.log(sql, args);","      } else {","        console.log(sql);","      }","    }","  }","};","exports.verbose = function() {","  if (global.verbose) {","    Array.prototype.unshift.call(arguments, '[INFO]');","    console.log.apply(console, arguments);","  }","};",""],"l":{"1":1,"3":1,"4":0,"6":1,"7":0,"8":0,"9":0,"12":1,"13":0,"14":0,"15":0,"18":1,"19":0,"20":0,"21":0,"24":1,"25":0,"26":0,"27":0,"28":0,"29":0,"30":0,"32":0,"35":0,"36":0,"37":0,"39":0,"44":1,"45":0,"46":0,"47":0}},"/home/travis/build/npmtest/node-npmtest-db-migrate/node_modules/db-migrate/lib/migrator.js":{"path":"/home/travis/build/npmtest/node-npmtest-db-migrate/node_modules/db-migrate/lib/migrator.js","s":{"1":1,"2":1,"3":1,"4":1,"5":1,"6":0,"7":0,"8":0,"9":0,"10":0,"11":1,"12":0,"13":0,"14":0,"15":0,"16":0,"17":0,"18":0,"19":1,"20":0,"21":1,"22":0,"23":0,"24":1,"25":0,"26":1,"27":0,"28":0,"29":0,"30":0,"31":0,"32":1,"33":0,"34":0,"35":0,"36":0,"37":0,"38":0,"39":0,"40":0,"41":0,"42":0,"43":0,"44":0,"45":0,"46":0,"47":0,"48":0,"49":0,"50":0,"51":0,"52":0,"53":0,"54":0,"55":0,"56":0,"57":0,"58":0,"59":0,"60":0,"61":0,"62":0,"63":0,"64":0,"65":0,"66":0,"67":0,"68":0,"69":0,"70":0,"71":0,"72":0,"73":0,"74":0,"75":0,"76":0,"77":0,"78":0,"79":0,"80":0,"81":0,"82":0,"83":0,"84":0,"85":0,"86":1},"b":{"1":[0,0],"2":[0,0],"3":[0,0],"4":[0,0],"5":[0,0],"6":[0,0],"7":[0,0],"8":[0,0],"9":[0,0],"10":[0,0],"11":[0,0],"12":[0,0],"13":[0,0]},"f":{"1":0,"2":0,"3":0,"4":0,"5":0,"6":0,"7":0,"8":0,"9":0,"10":0,"11":0,"12":0,"13":0,"14":0,"15":0,"16":0,"17":0,"18":0,"19":0,"20":0,"21":0,"22":0,"23":0,"24":0,"25":0,"26":0,"27":0},"fnMap":{"1":{"name":"isIncludedInUp","line":6,"loc":{"start":{"line":6,"column":0},"end":{"line":6,"column":48}}},"2":{"name":"filterUp","line":15,"loc":{"start":{"line":15,"column":0},"end":{"line":15,"column":74}}},"3":{"name":"(anonymous_3)","line":16,"loc":{"start":{"line":16,"column":15},"end":{"line":16,"column":30}}},"4":{"name":"(anonymous_4)","line":21,"loc":{"start":{"line":21,"column":10},"end":{"line":21,"column":30}}},"5":{"name":"(anonymous_5)","line":22,"loc":{"start":{"line":22,"column":42},"end":{"line":22,"column":71}}},"6":{"name":"(anonymous_6)","line":27,"loc":{"start":{"line":27,"column":10},"end":{"line":27,"column":30}}},"7":{"name":"filterDown","line":33,"loc":{"start":{"line":33,"column":0},"end":{"line":33,"column":48}}},"8":{"name":"(anonymous_8)","line":38,"loc":{"start":{"line":38,"column":11},"end":{"line":38,"column":43}}},"9":{"name":"(anonymous_9)","line":44,"loc":{"start":{"line":44,"column":24},"end":{"line":44,"column":43}}},"10":{"name":"(anonymous_10)","line":48,"loc":{"start":{"line":48,"column":24},"end":{"line":48,"column":54}}},"11":{"name":"onComplete","line":49,"loc":{"start":{"line":49,"column":4},"end":{"line":49,"column":29}}},"12":{"name":"(anonymous_12)","line":60,"loc":{"start":{"line":60,"column":25},"end":{"line":60,"column":55}}},"13":{"name":"onComplete","line":61,"loc":{"start":{"line":61,"column":4},"end":{"line":61,"column":29}}},"14":{"name":"(anonymous_14)","line":69,"loc":{"start":{"line":69,"column":72},"end":{"line":69,"column":86}}},"15":{"name":"(anonymous_15)","line":82,"loc":{"start":{"line":82,"column":6},"end":{"line":82,"column":37}}},"16":{"name":"(anonymous_16)","line":90,"loc":{"start":{"line":90,"column":8},"end":{"line":90,"column":39}}},"17":{"name":"(anonymous_17)","line":98,"loc":{"start":{"line":98,"column":10},"end":{"line":98,"column":49}}},"18":{"name":"(anonymous_18)","line":100,"loc":{"start":{"line":100,"column":53},"end":{"line":100,"column":82}}},"19":{"name":"(anonymous_19)","line":103,"loc":{"start":{"line":103,"column":66},"end":{"line":103,"column":101}}},"20":{"name":"(anonymous_20)","line":113,"loc":{"start":{"line":113,"column":35},"end":{"line":113,"column":61}}},"21":{"name":"(anonymous_21)","line":115,"loc":{"start":{"line":115,"column":37},"end":{"line":115,"column":48}}},"22":{"name":"(anonymous_22)","line":116,"loc":{"start":{"line":116,"column":50},"end":{"line":116,"column":64}}},"23":{"name":"(anonymous_23)","line":118,"loc":{"start":{"line":118,"column":51},"end":{"line":118,"column":62}}},"24":{"name":"(anonymous_24)","line":126,"loc":{"start":{"line":126,"column":12},"end":{"line":126,"column":38}}},"25":{"name":"(anonymous_25)","line":128,"loc":{"start":{"line":128,"column":64},"end":{"line":128,"column":99}}},"26":{"name":"(anonymous_26)","line":139,"loc":{"start":{"line":139,"column":33},"end":{"line":139,"column":59}}},"27":{"name":"(anonymous_27)","line":141,"loc":{"start":{"line":141,"column":50},"end":{"line":141,"column":64}}}},"statementMap":{"1":{"start":{"line":1,"column":0},"end":{"line":1,"column":29}},"2":{"start":{"line":2,"column":0},"end":{"line":2,"column":32}},"3":{"start":{"line":3,"column":0},"end":{"line":3,"column":39}},"4":{"start":{"line":4,"column":0},"end":{"line":4,"column":27}},"5":{"start":{"line":6,"column":0},"end":{"line":13,"column":1}},"6":{"start":{"line":7,"column":2},"end":{"line":9,"column":3}},"7":{"start":{"line":8,"column":4},"end":{"line":8,"column":16}},"8":{"start":{"line":10,"column":2},"end":{"line":10,"column":103}},"9":{"start":{"line":11,"column":2},"end":{"line":11,"column":102}},"10":{"start":{"line":12,"column":2},"end":{"line":12,"column":42}},"11":{"start":{"line":15,"column":0},"end":{"line":31,"column":1}},"12":{"start":{"line":16,"column":2},"end":{"line":18,"column":4}},"13":{"start":{"line":17,"column":4},"end":{"line":17,"column":87}},"14":{"start":{"line":20,"column":2},"end":{"line":30,"column":19}},"15":{"start":{"line":22,"column":4},"end":{"line":24,"column":7}},"16":{"start":{"line":23,"column":6},"end":{"line":23,"column":56}},"17":{"start":{"line":25,"column":4},"end":{"line":25,"column":19}},"18":{"start":{"line":28,"column":4},"end":{"line":28,"column":50}},"19":{"start":{"line":33,"column":0},"end":{"line":35,"column":1}},"20":{"start":{"line":34,"column":2},"end":{"line":34,"column":45}},"21":{"start":{"line":38,"column":0},"end":{"line":41,"column":2}},"22":{"start":{"line":39,"column":2},"end":{"line":39,"column":23}},"23":{"start":{"line":40,"column":2},"end":{"line":40,"column":37}},"24":{"start":{"line":43,"column":0},"end":{"line":148,"column":2}},"25":{"start":{"line":45,"column":4},"end":{"line":45,"column":47}},"26":{"start":{"line":49,"column":4},"end":{"line":56,"column":5}},"27":{"start":{"line":50,"column":6},"end":{"line":54,"column":7}},"28":{"start":{"line":51,"column":8},"end":{"line":51,"column":39}},"29":{"start":{"line":53,"column":8},"end":{"line":53,"column":56}},"30":{"start":{"line":55,"column":6},"end":{"line":55,"column":20}},"31":{"start":{"line":57,"column":4},"end":{"line":57,"column":87}},"32":{"start":{"line":61,"column":4},"end":{"line":68,"column":5}},"33":{"start":{"line":62,"column":6},"end":{"line":66,"column":7}},"34":{"start":{"line":63,"column":8},"end":{"line":63,"column":39}},"35":{"start":{"line":65,"column":8},"end":{"line":65,"column":56}},"36":{"start":{"line":67,"column":6},"end":{"line":67,"column":20}},"37":{"start":{"line":69,"column":4},"end":{"line":79,"column":18}},"38":{"start":{"line":71,"column":6},"end":{"line":78,"column":7}},"39":{"start":{"line":73,"column":8},"end":{"line":73,"column":64}},"40":{"start":{"line":77,"column":8},"end":{"line":77,"column":30}},"41":{"start":{"line":83,"column":4},"end":{"line":87,"column":5}},"42":{"start":{"line":84,"column":6},"end":{"line":84,"column":40}},"43":{"start":{"line":86,"column":6},"end":{"line":86,"column":70}},"44":{"start":{"line":91,"column":4},"end":{"line":95,"column":5}},"45":{"start":{"line":92,"column":6},"end":{"line":92,"column":40}},"46":{"start":{"line":94,"column":6},"end":{"line":94,"column":48}},"47":{"start":{"line":99,"column":4},"end":{"line":99,"column":20}},"48":{"start":{"line":100,"column":4},"end":{"line":123,"column":7}},"49":{"start":{"line":101,"column":6},"end":{
[...]
allback) {","        var sql = util.format('ALTER TABLE \"%s\" DROP COLUMN \"%s\"', tableName, columnName);","        this.runSql(sql, callback);","    },","","    renameColumn: function(tableName, oldColumnName, newColumnName, callback) {","        var sql = util.format('ALTER TABLE \"%s\" RENAME COLUMN \"%s\" TO \"%s\"', tableName, oldColumnName, newColumnName);","        this.runSql(sql, callback);","    },","","    changeColumn: function(tableName, columnName, columnSpec, callback) {","      setNotNull.call(this);","","      function setNotNull() {","        var setOrDrop = columnSpec.notNull === true ? 'SET' : 'DROP';","        var sql = util.format('ALTER TABLE \"%s\" ALTER COLUMN \"%s\" %s NOT NULL', tableName, columnName, setOrDrop);","        this.runSql(sql, setUnique.bind(this));","      }","","      function setUnique(err) {","        if (err) {","          callback(err);","        }","","        var sql;","        var constraintName = tableName + '_' + columnName + '_key';","","        if (columnSpec.unique === true) {","          sql = util.format('ALTER TABLE \"%s\" ADD CONSTRAINT \"%s\" UNIQUE (\"%s\")', tableName, constraintName, columnName);","          this.runSql(sql, setDefaultValue.bind(this));","        } else if (columnSpec.unique === false) {","          sql = util.format('ALTER TABLE \"%s\" DROP CONSTRAINT \"%s\"', tableName, constraintName);","          this.runSql(sql, setDefaultValue.bind(this));","        } else {","          setDefaultValue.call(this);","        }","      }","","      function setDefaultValue(err) {","        if (err) {","          return callback(err);","        }","","        var sql;","","        if (columnSpec.defaultValue !== undefined) {","          var defaultValue = null;","          if (typeof columnSpec.defaultValue == 'string'){","            defaultValue = \"'\" + columnSpec.defaultValue + \"'\";","          } else {","            defaultValue = columnSpec.defaultValue;","          }","          sql = util.format('ALTER TABLE \"%s\" ALTER COLUMN \"%s\" SET DEFAULT %s', tableName, columnName, defaultValue);","        } else {","          sql = util.format('ALTER TABLE \"%s\" ALTER COLUMN \"%s\" DROP DEFAULT', tableName, columnName);","        }","","        this.runSql(sql, callback);","      }","    },","","    addForeignKey: function(tableName, referencedTableName, keyName, fieldMapping, rules, callback) {","      if(arguments.length === 5 && typeof(rules) === 'function') {","        callback = rules;","        rules = {};","      }","      var columns = Object.keys(fieldMapping);","      var referencedColumns = columns.map(function (key) { return '\"' + fieldMapping[key] + '\"'; });","      var sql = util.format('ALTER TABLE \"%s\" ADD CONSTRAINT \"%s\" FOREIGN KEY (%s) REFERENCES \"%s\" (%s) ON DELETE %s ON UPDATE %s',","        tableName, keyName, this.quoteArr(columns), referencedTableName, referencedColumns, rules.onDelete || 'NO ACTION', rules.onUpdate || 'NO ACTION');","      this.runSql(sql, callback);","    },","","    removeForeignKey: function(tableName, keyName, callback) {","      var sql = util.format('ALTER TABLE \"%s\" DROP CONSTRAINT \"%s\"', tableName, keyName);","      this.runSql(sql, callback);","    },","","    insert: function(tableName, columnNameArray, valueArray, callback) {","      columnNameArray = columnNameArray.map(function(columnName) {","        return (columnName.charAt(0) != '\"') ? '\"' + columnName + '\"' : columnName;","      });","","      valueArray = valueArray.map(function(value) {","        return 'string' === typeof value ? value : JSON.stringify(value);","      });","","      return this._super(tableName, columnNameArray, valueArray, callback);","    },","","    runSql: function() {","        var callback = arguments[arguments.length - 1];","","        params = arguments;","        if (params.length > 2){","            // We have parameters, but db-migrate uses \"?\" for param substitutions.","            // PG uses \"$1\", \"$2\", etc so fix up the \"?\" into \"$1\", etc","            var param = params[0].split('?'),","                new_param = [];","            for (var i = 0; i < param.length-1; i++){","                new_param.push(param[i], \"$\" + (i+1));","            }","            new_param.push(param[param.length-1]);","            params[0] = new_param.join('');","        }","","        log.sql.apply(null, params);","        if(global.dryRun) {","          return callback();","        }","        this.connection.query.apply(this.connection, params);","    },","","    all: function() {","        params = arguments;","","        log.sql.apply(null, params);","","        this.connection.query.apply(this.connection, [params[0], function(err, result){","          if(err) {","            params[1](err, null);","            return;","          }","","          params[1](err, result.rows);","        }]);","    },","","    close: function(callback) {","        this.connection.end();","        if( typeof(callback) === 'function' )","          callback(null);","    }","","});","","exports.connect = function(config, callback) {","    if (config.native) { pg = pg.native; }","    var db = config.db || new pg.Client(config);","    callback(null, new PgDriver(db, config.schema));","};",""],"l":{"1":1,"2":1,"3":1,"4":1,"5":1,"6":1,"8":1,"10":0,"11":0,"12":0,"13":0,"17":0,"21":0,"25":0,"26":0,"27":0,"28":0,"29":0,"31":0,"35":0,"37":0,"39":0,"41":0,"43":0,"48":0,"50":0,"51":0,"53":0,"58":0,"60":0,"61":0,"64":0,"67":0,"72":0,"75":0,"76":0,"79":0,"82":0,"87":0,"89":0,"91":0,"92":0,"95":0,"97":0,"100":0,"105":0,"108":0,"109":0,"112":0,"114":0,"115":0,"116":0,"117":0,"120":0,"124":0,"133":0,"134":0,"135":0,"138":0,"139":0,"140":0,"141":0,"142":0,"148":0,"149":0,"150":0,"153":0,"156":0,"157":0,"158":0,"162":0,"167":0,"168":0,"170":0,"173":0,"174":0,"180":0,"181":0,"184":0,"185":0,"187":0,"196":0,"197":0,"198":0,"199":0,"201":0,"204":0,"205":0,"208":0,"209":0,"212":0,"213":0,"214":0,"215":0,"217":0,"221":0,"225":0,"226":0,"230":0,"231":0,"235":0,"236":0,"240":0,"242":1,"243":0,"244":0,"245":0,"248":1,"249":0,"250":0,"253":0,"254":0,"256":0,"257":0,"258":0,"259":0,"260":0,"261":0,"263":0,"267":1,"268":0,"269":0,"272":0,"274":0,"275":0,"276":0,"277":0,"279":0,"281":0,"283":0,"286":0,"291":0,"292":0,"293":0,"295":0,"296":0,"297":0,"299":0,"303":0,"304":0,"308":0,"309":0,"312":0,"313":0,"316":0,"320":0,"322":0,"323":0,"326":0,"328":0,"329":0,"331":0,"332":0,"335":0,"336":0,"337":0,"339":0,"343":0,"345":0,"347":0,"348":0,"349":0,"350":0,"353":0,"358":0,"359":0,"360":0,"365":1,"366":0,"367":0,"368":0}},"/home/travis/build/npmtest/node-npmtest-db-migrate/node_modules/db-migrate/lib/driver/postgres.js":{"path":"/home/travis/build/npmtest/node-npmtest-db-migrate/node_modules/db-migrate/lib/driver/postgres.js","s":{"1":1},"b":{},"f":{},"fnMap":{},"statementMap":{"1":{"start":{"line":1,"column":0},"end":{"line":1,"column":33}}},"branchMap":{},"code":["module.exports = require('./pg');",""],"l":{"1":1}},"/home/travis/build/npmtest/node-npmtest-db-migrate/node_modules/db-migrate/lib/driver/postgresql.js":{"path":"/home/travis/build/npmtest/node-npmtest-db-migrate/node_modules/db-migrate/lib/driver/postgresql.js","s":{"1":1},"b":{},"f":{},"fnMap":{},"statementMap":{"1":{"start":{"line":1,"column":0},"end":{"line":1,"column":33}}},"branchMap":{},"code":["module.exports = require('./pg');",""],"l":{"1":1}},"/home/travis/build/npmtest/node-npmtest-db-migrate/node_modules/db-migrate/lib/driver/sqlite3.js":{"path":"/home/travis/build/npmtest/node-npmtest-db-migrate/node_modules/db-migrate/lib/driver/sqlite3.js","s":{"1":2,"2":2,"3":0,"4":0,"5":0,"6":0,"7":0,"8":0,"9":0,"10":0,"11":0,"12":0,"13":0,"14":0,"15":0,"16":0,"17":0,"18":0,"19":0,"20":0,"21":0,"22":0,"23":0,"24":0,"25":0,"26":0,"27":0,"28":0,"29":0,"30":0,"31":0,"32":0,"33":0,"34":0,"35":0,"36":0,"37":0,"38":0,"39":0,"40":0,"41":0,"42":0,"43":0,"44":0,"45":0,"46":0,"47":0,"48":0,"49":0,"50":0,"51":0,"52":0,"53":0,"54":0,"55":0,"56":0,"57":0,"58":0,"59":0,"60":0},"b":{"1":[0,0],"2":[0,0],"3":[0,0],"4":[0,0],"5":[0,0],"6":[0,0],"7":[0,0],"8":[0,0],"9":[0,0],"10":[0,0],"11":[0,0],"12":[0,0],"13":[0,0],"14":[0,0],"15":[0,0]},"f":{"1":0,"2":0,"3":0,"4":0,"5":0,"6":0,"7":0,"8":0,"9":0,"10":0,"11":0},"fnMap":{"1":{"name":"(anonymous_1)","line":10,"loc":{"start":{"line":10,"column":8},"end":{"line":10,"column":29}}},"2":{"name":"(anonymous_2)","line":15,"loc":{"start":{"line":15,"column":15},"end":{"line":15,"column":29}}},"3":{"name":"(anonymous_3)","line":25,"loc":{"start":{"line":25,"column":18},"end":{"line":25,"column":46}}},"4":{"name":"(anonymous_4)","line":29,"loc":{"start":{"line":29,"column":19},"end":{"line":29,"column":49}}},"5":{"name":"(anonymous_5)","line":41,"loc":{"start":{"line":41,"column":26},"end":{"line":41,"column":50}}},"6":{"name":"(anonymous_6)","line":70,"loc":{"start":{"line":70,"column":15},"end":{"line":70,"column":59}}},"7":{"name":"(anonymous_7)","line":84,"loc":{"start":{"line":84,"column":10},"end":{"line":84,"column":21}}},"8":{"name":"(anonymous_8)","line":97,"loc":{"start":{"line":97,"column":7},"end":{"line":97,"column":18}}},"9":{"name":"(anonymous_9)","line":104,"loc":{"start":{"line":104,"column":9},"end":{"line":104,"column":28}}},"10":{"name":"(anonymous_10)","line":111,"loc":{"start":{"line":111,"column":18},"end":{"line":111,"column":45}}},"11":{"name":"(anonymous_11)","line":122,"loc":{"start":{"line":122,"column":18},"end":{"line":122,"column":29}}}},"statementMap":{"1":{"start":{"line":1,"column":0},"end":{"line":1,"column":27}},"2":{"start":{"line":2,"column":0},"end":{"line":2,"column":43}},"3":{"start":{"line":3,"column":0},"end":{"line":3,"column":29}},"4":{"start":{"line":4,"column":0},"end":{"line":4,"column":28}},"5":{"start":{"line":5,"column":0},"end":{"line":5,"column":35}},"6":{"start":{"line":7,"column":0},"end":{"line":7,"column":63}},"7":{"start":{"line":9,"column":0},"end":{"line":109,"column":3}},"8":{"start":{"line":11,"column":4},"end":{"line":11,"column":18}},"9":{"start":{"line":12,"column":4},"end":{"line":12,"column":33}},"10":{"start":{"line":16,"column":4},"end":{"line":21,"column":5}},"11":{"start":{"line":18,"column":8},"end":{"line":18,"column":26}},"12":{"start":{"line":20,"column":8},"end":{"line":20,"column":22}},"13":{"start":{"line":22,"column":4},"end":{"line":22,"column":28}},"14":{"start":{"line":26,"column":4},"end":{"line":26,"column":19}},"15":{"start":{"line":30,"column":4},"end":{"line":30,"column":28}},"16":{"start":{"line":31,"column":4},"end":{"line":31,"column":50}},"17":{"start":{"line":32,"column":4},"end":{"line":32,"column":73}},"18":{"start":{"line":33,"column":4},"end":{"line":33,"column":64}},"19":{"start":{"line":35,"column":4},"end":{"line":36,"column":15}},"20":{"start":{"line":36,"column":6},"end":{"line":36,"column":15}},"21":{"start":{"line":38,"column":4},"end":{"line":38,"column":52}},"22":{"start":{"line":42,"column":4},"end":{"line":42,"column":24}},"23":{"start":{"line":43,"column":4},"end":{"line":48,"column":5}},"24":{"start":{"line":44,"column":6},"end":{"line":44,"column":37}},"25":{"start":{"line":45,"column":6},"end":{"line":47,"column":7}},"26":{"start":{"line":46,"column":8},"end":{"line":46,"column":41}},"27":{"start":{"line":50,"column":4},"end":{"line":52,"column":5}},"28":{"start":{"line":51,"column":6},"end":{"line":51,"column":34}},"29":{"start":{"line":54,"column":4},"end":{"line":56,"column":5}},"30":{"start":{"line":55,"column":6},"end":{"line":55,"column":32}},"31":{"start":{"line":58,"column":4},"end":{"line":65,"column":5}},"32":{"start":{"line":59,"column":6},"end":{"line":59,"column":33}},"33":{"start":{"line":61,"column":6},"end":{"line":64,"column":43}},"34":{"start":{"line":62,"column":8},"end":{"line":62,"column":55}},"35":{"start":{"line":64,"column":8},"end":{"line":64,"column":43}},"36":{"start":{"line":67,"column":4},"end":{"line":67,"column":32}},"37":{"start":{"line":71,"column":4},"end":{"line":71,"column":82}},"38":{"start":{"line":72,"column":4},"end":{"line":72,"column":31}},"39":{"start":{"line":85,"column":4},"end":{"line":85,"column":51}},"40":{"start":{"line":86,"column":4},"end":{"line":86,"column":35}},"41":{"start":{"line":87,"column":4},"end":{"line":89,"column":5}},"42":{"start":{"line":88,"column":6},"end":{"line":88,"column":24}},"43":{"start":{"line":91,"column":4},"end":{"line":94,"column":60}},"44":{"start":{"line":92,"column":6},"end":{"line":92,"column":61}},"45":{"start":{"line":94,"column":6},"end":{"line":94,"column":60}},"46":{"start":{"line":99,"column":4},"end":{"line":99,"column":35}},"47":{"start":{"line":101,"column":4},"end":{"line":101,"column":58}},"48":{"start":{"line":105,"column":4},"end":{"line":105,"column":28}},"49":{"start":{"line":106,"column":4},"end":{"line":106,"column":19}},"50":{"start":{"line":111,"column":0},"end":{"line":126,"column":2}},"51":{"start":{"line":112,"column":2},"end":{"line":112,"column":40}},"52":{"start":{"line":113,"column":2},"end":{"line":125,"column":3}},"53":{"start":{"line":114,"column":4},"end":{"line":114,"column":49}},"54":{"start":{"line":116,"column":4},"end":{"line":119,"column":5}},"55":{"start":{"line":117,"column":6},"end":{"line":117,"column":61}},"56":{"start":{"line":118,"column":6},"end":{"line":118,"column":13}},"57":{"start":{"line":120,"column":4},"end":{"line":120,"column":57}},"58":{"start":{"line":121,"column":4},"end":{"line":121,"column":29}},"59":{"start":{"line":122,"column":4},"end":{"line":124,"column":7}},"60":{"start":{"line":123,"column":6},"end":{"line":123,"column":44}}},"branchMap":{"1":{"line":16,"type":"switch","locations":[{"start":{"line":17,"column":6},"end":{"line":18,"column":26}},{"start":{"line":19,"column":6},"end":{"line":20,"column":22}}]},"2":{"line":32,"type":"cond-expr","locations":[{"start":{"line":32,"column":35},"end":{"line":32,"column":67}},{"start":{"line":32,"column":70},"end":{"line":32,"column":72}}]},"3":{"line":35,"type":"if","locations":[{"start":{"line":35,"column":4},"end":{"line":35,"column":4}},{"start":{"line":35,"column":4},"end":{"line":35,"column":4}}]},"4":{"line":43,"type":"if","locations":[{"start":{"line":43,"column":4},"end":{"line":43,"column":4}},{"start":{"line":43,"column":4},"end":{"line":43,"column":4}}]},"5":{"line":43,"type":"binary-expr","locations":[{"start":{"line":43,"column":8},"end":{"line":43,"column":23}},{"start":{"line":43,"column":27},"end":{"line":43,"column":49}}]},"6":{"line":45,"type":"if","locations":[{"start":{"line":45,"column":6},"end":{"line":45,"column":6}},{"start":{"line":45,"column":6},"end":{"line":45,"column":6}}]},"7":{"line":50,"type":"if","locations":[{"start":{"line":50,"column":4},"end":{"line":50,"column":4}},{"start":{"line":50,"column":4},"end":{"line":50,"column":4}}]},"8":{"line":54,"type":"if","locations":[{"start":{"line":54,"column":4},"end":{"line":54,"column":4}},{"start":{"line":54,"column":4},"end":{"line":54,"column":4}}]},"9":{"line":58,"type":"if","locations":[{"start":{"line":58,"column":4},"end":{"line":58,"column":4}},{"start":{"line":58,"column":4},"end":{"line":58,"column":4}}]},"10":{"line":61,"type":"if","locations":[{"start":{"line":61,"column":6},"end":{"line":61,"column":6}},{"start":{"line":61,"column":6},"end":{"line":61,"column":6}}]},"11":{"line":87,"type":"if","locations":[{"start":{"line":87,"column":4},"end":{"line":87,"column":4}},{"start":{"line":87,"column":4},"end":{"line":87,"column":4}}]},"12":{"line":91,"type":"if","locations":[{"start":{"line":91,"column":4},"end":{"line":91,"column":4}},{"start":{"line":91,"column":4},"end":{"line":91,"column":4}}]},"13":{"line":112,"type":"binary-expr","locations":[{"start":{"line":112,"column":13},"end":{"line":112,"column":24}},{"start":{"line":112,"column":28},"end":{"line":112,"column":39}}]},"14":{"line":113,"type":"if","locations":[{"start":{"line":113,"column":2},"end":{"line":113,"column":2}},{"start":{"line":113,"column":2},"end":{"line":113,"column":2}}]},"15":{"line":116,"type":"if","locations":[{"start":{"line":116,"column":4},"end":{"line":116,"column":4}},{"start":{"line":116,"column":4},"end":{"line":116,"column":4}}]}},"code":["var util = require('util');","var sqlite3 = require('sqlite3').verbose();","var Base = require('./base');","var log = require('../log');","var type = require('../data_type');","","var defaultMode = sqlite3.OPEN_READWRITE | sqlite3.OPEN_CREATE;","","var Sqlite3Driver = Base.extend({","  init: function(connection) {","    this._super();","    this.connection = connection;","  },","","  mapDataType: function(str) {","    switch(str) {","      case type.DATE_TIME:","        return 'datetime';","      case type.TIME:","        return 'time';","    }","    return this._super(str);","  },","","  switchDatabase: function(options, callback) {","    callback(null);","  },","","  createColumnDef: function(name, spec, options) {","    name = '\"' + name + '\"';","    var dType       = this.mapDataType(spec.type);","    var len        = spec.length ? util.format('(%s)', spec.length) : '';","    var constraint = this.createColumnConstraint(spec, options);","","    if(spec.type === type.INTEGER)","      len = '';","","    return [name, dType, len, constraint].join(' ');","  },","","  createColumnConstraint: function(spec, options) {","    var constraint = [];","    if (spec.primaryKey && options.emitPrimaryKey) {","      constraint.push('PRIMARY KEY');","      if (spec.autoIncrement) {","        constraint.push('AUTOINCREMENT');","      }","    }","","    if (spec.notNull === true) {","      constraint.push('NOT NULL');","    }","","    if (spec.unique) {","      constraint.push('UNIQUE');","    }","","    if (spec.defaultValue) {","      constraint.push('DEFAULT');","","      if(typeof(spec.defaultValue) === 'string')","        constraint.push('\"' + spec.defaultValue + '\"');","      else","        constraint.push(spec.defaultValue);","    }","","    return constraint.join(' ');","  },","","  renameTable: function(tableName, newTableName, callback) {","    var sql = util.format('ALTER TABLE %s RENAME TO %s', tableName, newTableName);","    this.runSql(sql, callback);","  },","","  //removeColumn: function(tableName, columnName, callback) {","  //},","","  //renameColumn: function(tableName, oldColumnName, newColumnName, callback) {","  //};","","  //changeColumn: function(tableName, columnName, columnSpec, callback) {","  //},","","  runSql: function() {","    var callback = arguments[arguments.length - 1];","    log.sql.apply(null, arguments);","    if(global.dryRun) {","      return callback();","    }","","    if(typeof(arguments[1]) === 'function')","      this.connection.exec.apply(this.connection, arguments);","    else","      this.connection.run.apply(this.connection, arguments);","  },","","  all: function() {","","    log.sql.apply(null, arguments);","","    this.connection.all.apply(this.connection, arguments);","  },","","  close: function(callback) {","    this.connection.close();","    callback(null);","  }","","});","","exports.connect = function(config, callback) {","  var mode = config.mode || defaultMode;","  if (config.db) {","    callback(null, new Sqlite3Driver(config.db));","  } else {","    if (typeof(config.filename) === 'undefined') {","      console.error('filename is required in database.json');","      return;","    }","    var db = new sqlite3.Database(config.filename, mode);","    db.on(\"error\", callback);","    db.on(\"open\", function() {","      callback(null, new Sqlite3Driver(db));","    });","  }","};",""],"l":{"1":2,"2":2,"3":0,"4":0,"5":0,"7":0,"9":0,"11":0,"12":0,"16":0,"18":0,"20":0,"22":0,"26":0,"30":0,"31":0,"32":0,"33":0,"35":0,"36":0,"38":0,"42":0,"43":0,"44":0,"45":0,"46":0,"50":0,"51":0,"54":0,"55":0,"58":0,"59":0,"61":0,"62":0,"64":0,"67":0,"71":0,"72":0,"85":0,"86":0,"87":0,"88":0,"91":0,"92":0,"94":0,"99":0,"101":0,"105":0,"106":0,"111":0,"112":0,"113":0,"114":0,"116":0,"117":0,"118":0,"120":0,"121":0,"122":0,"123":0}}}